2022/07/09;18:46:20:0703;Info;Livebug;Livebug started;-;
2022/07/09;18:46:20:0709;Info;Livebug;app;BukkitGUI;
2022/07/09;18:46:20:0709;Info;Livebug;version;1.6.3.405;
2022/07/09;18:46:20:0709;Info;Livebug;path;D:\Projects\Minecraft Server 1.5.2;
2022/07/09;18:46:20:0727;Info;Livebug;netframework;3.5.30729.4926;
2022/07/09;18:46:20:0727;Info;Livebug;CPU;;
2022/07/09;18:46:20:0842;Info;Livebug;CPU;mfg: GenuineIntel;
2022/07/09;18:46:20:0848;Info;Livebug;CPU;name: Intel(R) Core(TM) i7-8750H CPU @ 2.20GHz;
2022/07/09;18:46:20:0854;Info;Livebug;CPU;cores: 6;
2022/07/09;18:46:20:0860;Info;Livebug;CPU;threads: 12;
2022/07/09;18:46:20:0865;Info;Livebug;CPU;speed: 2208;
2022/07/09;18:46:20:0865;Info;Livebug;RAM;;
2022/07/09;18:46:20:0876;Info;Livebug;RAM;amount: 8589934592;
2022/07/09;18:46:20:0882;Info;Livebug;RAM;mfg: SK Hynix;
2022/07/09;18:46:20:0882;Info;Livebug;OS;;
2022/07/09;18:46:21:0030;Info;Livebug;OS;Name:Microsoft Windows 11 Pro;
2022/07/09;18:46:21:0030;Info;Livebug;OS;Platform:Win32NT;
2022/07/09;18:46:21:0030;Info;Livebug;OS;Version:6.2.9200.0;
2022/07/09;18:46:21:0030;Fine;Splashscreen;Initializing application;-;
2022/07/09;18:46:21:0030;Fine;Splashscreen;Loading:Initializing common items(20%);-;
2022/07/09;18:46:21:0037;Fine;Common;Updating locations...;-;
2022/07/09;18:46:21:0037;Fine;Common;Common module initialized;-;
2022/07/09;18:46:21:0037;Fine;Splashscreen;Loading:Initializing config(40%);-;
2022/07/09;18:46:21:0053;Fine;fxml - config;Loading XML file: D:\Projects\Minecraft Server 1.5.2\BukkitGUI\Config/config.xml;-;
2022/07/09;18:46:21:0054;Fine;fxml - config;XML file loaded;-;
2022/07/09;18:46:21:0059;Fine;Common;Comparing versions: 1.2 - 1.2;-;
2022/07/09;18:46:21:0059;Fine;Common;Normalized versions: 1.2.0.0 - 1.2.0.0;-;
2022/07/09;18:46:21:0060;Fine;Common;Result of version compare:0;-;
2022/07/09;18:46:21:0060;Fine;fxml - config;Verifying versions, result: true;-;
2022/07/09;18:46:21:0060;Fine;Config;Config initialized;-;
2022/07/09;18:46:21:0063;Fine;fxml - config;Requested XML element: lightmode - Value: false;-;
2022/07/09;18:46:21:0063;Fine;Splashscreen;Loading:running update check...(30%);-;
2022/07/09;18:46:21:0066;Fine;fxml - config;Requested XML element: auto_update - Value: true;-;
2022/07/09;18:46:21:0786;Fine;Splashscreen;Loading:Initializing localization(50%);-;
2022/07/09;18:46:21:0791;Fine;fxml - config;Requested XML element: language - Value: C:\Users\Christmas\AppData\Roaming\Bertware/BukkitGUI\Localization/default.xml;-;
2022/07/09;18:46:21:0791;Fine;fxml - language;Loading XML file: C:\Users\Christmas\AppData\Roaming\Bertware/BukkitGUI\Localization/default.xml;-;
2022/07/09;18:46:21:0793;Fine;fxml - language;XML file loaded;-;
2022/07/09;18:46:21:0795;Fine;fxml - config;Requested XML element: join - Value: false;-;
2022/07/09;18:46:21:0795;Fine;fxml - config;Requested XML element: disconnect - Value: false;-;
2022/07/09;18:46:21:0795;Fine;fxml - config;Requested XML element: warning - Value: false;-;
2022/07/09;18:46:21:0795;Fine;fxml - config;Requested XML element: severe - Value: false;-;
2022/07/09;18:46:21:0797;Fine;Splashscreen;Loading:Initializing performance(60%);-;
2022/07/09;18:46:21:0814;Fine;performance;Initializing...;-;
2022/07/09;18:46:21:0815;Fine;performance;CPU timer started;-;
2022/07/09;18:46:21:0815;Fine;performance;RAM timer started;-;
2022/07/09;18:46:21:0815;Fine;performance;CPU counter started;-;
2022/07/09;18:46:21:0815;Fine;performance;Performance initialized;-;
2022/07/09;18:46:21:0815;Fine;Splashscreen;Loading:Initializing output handler(70%);-;
2022/07/09;18:46:21:0821;Fine;fxml - config;Requested XML element: info - Value: blue;-;
2022/07/09;18:46:21:0823;Fine;fxml - config;Requested XML element: player_event - Value: green;-;
2022/07/09;18:46:21:0823;Fine;fxml - config;Requested XML element: warning - Value: orange;-;
2022/07/09;18:46:21:0823;Fine;fxml - config;Requested XML element: severe - Value: red;-;
2022/07/09;18:46:21:0823;Fine;fxml - config;Requested XML element: unknown - Value: black;-;
2022/07/09;18:46:21:0823;Fine;fxml - config;Requested XML element: date - Value: false;-;
2022/07/09;18:46:21:0823;Fine;fxml - config;Requested XML element: time - Value: true;-;
2022/07/09;18:46:21:0823;Fine;Splashscreen;Loading:Initializing plugin manager(75%);-;
2022/07/09;18:46:21:0828;Fine;Splashscreen;Loading:Initializing server settings...(85%);-;
2022/07/09;18:46:21:0831;Fine;Pluginmanager;Initializing / Loading;-;
2022/07/09;18:46:21:0836;Fine;ServerSettings;Reading server settings from D:\Projects\Minecraft Server 1.5.2/server.properties;-;
2022/07/09;18:46:21:0838;Fine;AdvancedWebClient;Retrieving contents from api.bukget.org;-;
2022/07/09;18:46:21:0839;Fine;fxml - config;Saved XML element: pluginmanager - Value: ;-;
2022/07/09;18:46:21:0845;Fine;Splashscreen;Loading:Initializing error manager...(85%);-;
2022/07/09;18:46:21:0847;Fine;fxml - config;Saved XML element: installedplugins - Value: ;-;
2022/07/09;18:46:21:0848;Fine;fxml - config;Saved XML element: installplugins - Value: ;-;
2022/07/09;18:46:21:0849;Fine;pluginmanager;Loaded base list: 31 plugins loaded;pluginmanager;
2022/07/09;18:46:21:0850;Fine;fxml - config;Requested XML element: hide_warning - Value: false;-;
2022/07/09;18:46:21:0850;Fine;fxml - config;Requested XML element: hide_error - Value: false;-;
2022/07/09;18:46:21:0850;Fine;fxml - config;Requested XML element: hide_stacktrace - Value: false;-;
2022/07/09;18:46:21:0850;Fine;Splashscreen;Loading:Initializing task manager...(90%);-;
2022/07/09;18:46:21:0853;Fine;InstalledPlugins;Loading full list;Pluginmanager.InstalledPluginmanager.CreateDetailledList();
2022/07/09;18:46:21:0853;Fine;InstalledPlugins;Loading plugin 1 of 31 : AntiCreeper.jar;-;
2022/07/09;18:46:21:0853;Fine;fxml - TaskManager;Loading XML file: D:\Projects\Minecraft Server 1.5.2\BukkitGUI\Config/tasks.xml;-;
2022/07/09;18:46:21:0854;Fine;fxml - TaskManager;XML file loaded;-;
2022/07/09;18:46:21:0856;Fine;TaskManager;Loading tasks...;-;
2022/07/09;18:46:21:0856;Fine;TaskManager;Loaded tasks. 0 tasks loaded;-;
2022/07/09;18:46:21:0856;Fine;Splashscreen;Loading:Initializing backup manager...(90%);-;
2022/07/09;18:46:21:0857;Fine;plugindescriptor;loading plugin (step 1/2): AntiCreeper.jar - cache allowed:True;-;
2022/07/09;18:46:21:0857;Fine;plugindescriptor;Reading plugin data from cache...;-;
2022/07/09;18:46:21:0857;Fine;plugindescriptor;loading plugin (step 2/2): AntiCreeper.jar - cache allowed:True;-;
2022/07/09;18:46:21:0861;Fine;fxml - BackupManager;Loading XML file: D:\Projects\Minecraft Server 1.5.2\BukkitGUI\Config/backups.xml;-;
2022/07/09;18:46:21:0862;Fine;fxml - BackupManager;XML file loaded;-;
2022/07/09;18:46:21:0865;Fine;Backupmanager;Loading backups...;-;
2022/07/09;18:46:21:0865;Fine;Backupmanager;Loaded backups: 0 backups loaded;-;
2022/07/09;18:46:21:0865;Fine;Splashscreen;Loading:Done...(100%);-;
2022/07/09;18:46:22:0012;Fine;plugindescriptor;loaded plugin: AntiCreeper.jar - cache allowed:True;-;
2022/07/09;18:46:22:0012;Fine;InstalledPlugins;Loaded plugin 1 of 31 : AntiCreeper.jar;-;
2022/07/09;18:46:22:0012;Fine;InstalledPlugins;Loading plugin 2 of 31 : AuthMe.jar;-;
2022/07/09;18:46:22:0012;Fine;plugindescriptor;loading plugin (step 1/2): AuthMe.jar - cache allowed:True;-;
2022/07/09;18:46:22:0012;Fine;plugindescriptor;Reading plugin data from cache...;-;
2022/07/09;18:46:22:0013;Fine;plugindescriptor;loading plugin (step 2/2): AuthMe.jar - cache allowed:True;-;
2022/07/09;18:46:22:0040;Fine;plugindescriptor;loaded plugin: AuthMe.jar - cache allowed:True;-;
2022/07/09;18:46:22:0040;Fine;InstalledPlugins;Loaded plugin 2 of 31 : AuthMe.jar;-;
2022/07/09;18:46:22:0040;Fine;InstalledPlugins;Loading plugin 3 of 31 : AutoSaveWorld.jar;-;
2022/07/09;18:46:22:0040;Fine;plugindescriptor;loading plugin (step 1/2): AutoSaveWorld.jar - cache allowed:True;-;
2022/07/09;18:46:22:0040;Fine;plugindescriptor;Reading plugin data from cache...;-;
2022/07/09;18:46:22:0040;Fine;plugindescriptor;loading plugin (step 2/2): AutoSaveWorld.jar - cache allowed:True;-;
2022/07/09;18:46:22:0041;Fine;plugindescriptor;loaded plugin: AutoSaveWorld.jar - cache allowed:True;-;
2022/07/09;18:46:22:0041;Fine;InstalledPlugins;Loaded plugin 3 of 31 : AutoSaveWorld.jar;-;
2022/07/09;18:46:22:0041;Fine;InstalledPlugins;Loading plugin 4 of 31 : AutoSort.jar;-;
2022/07/09;18:46:22:0041;Fine;plugindescriptor;loading plugin (step 1/2): AutoSort.jar - cache allowed:True;-;
2022/07/09;18:46:22:0041;Fine;plugindescriptor;Reading plugin data from cache...;-;
2022/07/09;18:46:22:0041;Fine;plugindescriptor;loading plugin (step 2/2): AutoSort.jar - cache allowed:True;-;
2022/07/09;18:46:22:0065;Fine;plugindescriptor;loaded plugin: AutoSort.jar - cache allowed:True;-;
2022/07/09;18:46:22:0065;Fine;InstalledPlugins;Loaded plugin 4 of 31 : AutoSort.jar;-;
2022/07/09;18:46:22:0065;Fine;InstalledPlugins;Loading plugin 5 of 31 : BleedingMobs.jar;-;
2022/07/09;18:46:22:0065;Fine;plugindescriptor;loading plugin (step 1/2): BleedingMobs.jar - cache allowed:True;-;
2022/07/09;18:46:22:0065;Fine;plugindescriptor;Reading plugin data from cache...;-;
2022/07/09;18:46:22:0065;Fine;plugindescriptor;loading plugin (step 2/2): BleedingMobs.jar - cache allowed:True;-;
2022/07/09;18:46:22:0066;Fine;plugindescriptor;loaded plugin: BleedingMobs.jar - cache allowed:True;-;
2022/07/09;18:46:22:0066;Fine;InstalledPlugins;Loaded plugin 5 of 31 : BleedingMobs.jar;-;
2022/07/09;18:46:22:0066;Fine;InstalledPlugins;Loading plugin 6 of 31 : BloodMoon.jar;-;
2022/07/09;18:46:22:0066;Fine;plugindescriptor;loading plugin (step 1/2): BloodMoon.jar - cache allowed:True;-;
2022/07/09;18:46:22:0066;Fine;plugindescriptor;Reading plugin data from cache...;-;
2022/07/09;18:46:22:0066;Fine;plugindescriptor;loading plugin (step 2/2): BloodMoon.jar - cache allowed:True;-;
2022/07/09;18:46:22:0070;Fine;plugindescriptor;loaded plugin: BloodMoon.jar - cache allowed:True;-;
2022/07/09;18:46:22:0070;Fine;InstalledPlugins;Loaded plugin 6 of 31 : BloodMoon.jar;-;
2022/07/09;18:46:22:0070;Fine;InstalledPlugins;Loading plugin 7 of 31 : BurningMobs-Rel.jar;-;
2022/07/09;18:46:22:0070;Fine;plugindescriptor;loading plugin (step 1/2): BurningMobs-Rel.jar - cache allowed:True;-;
2022/07/09;18:46:22:0070;Fine;plugindescriptor;Reading plugin data from cache...;-;
2022/07/09;18:46:22:0070;Fine;plugindescriptor;loading plugin (step 2/2): BurningMobs-Rel.jar - cache allowed:True;-;
2022/07/09;18:46:22:0071;Fine;plugindescriptor;loaded plugin: BurningMobs-Rel.jar - cache allowed:True;-;
2022/07/09;18:46:22:0071;Fine;InstalledPlugins;Loaded plugin 7 of 31 : BurningMobs-Rel.jar;-;
2022/07/09;18:46:22:0071;Fine;InstalledPlugins;Loading plugin 8 of 31 : ClearLag.jar;-;
2022/07/09;18:46:22:0071;Fine;plugindescriptor;loading plugin (step 1/2): ClearLag.jar - cache allowed:True;-;
2022/07/09;18:46:22:0071;Fine;plugindescriptor;Reading plugin data from cache...;-;
2022/07/09;18:46:22:0072;Fine;plugindescriptor;loading plugin (step 2/2): ClearLag.jar - cache allowed:True;-;
2022/07/09;18:46:22:0073;Fine;plugindescriptor;loaded plugin: ClearLag.jar - cache allowed:True;-;
2022/07/09;18:46:22:0073;Fine;InstalledPlugins;Loaded plugin 8 of 31 : ClearLag.jar;-;
2022/07/09;18:46:22:0073;Fine;InstalledPlugins;Loading plugin 9 of 31 : dynmap-1.9.3.jar;-;
2022/07/09;18:46:22:0073;Fine;plugindescriptor;loading plugin (step 1/2): dynmap-1.9.3.jar - cache allowed:True;-;
2022/07/09;18:46:22:0073;Fine;plugindescriptor;Reading plugin data from cache...;-;
2022/07/09;18:46:22:0073;Fine;plugindescriptor;loading plugin (step 2/2): dynmap-1.9.3.jar - cache allowed:True;-;
2022/07/09;18:46:22:0118;Fine;plugindescriptor;loaded plugin: dynmap-1.9.3.jar - cache allowed:True;-;
2022/07/09;18:46:22:0118;Fine;InstalledPlugins;Loaded plugin 9 of 31 : dynmap-1.9.3.jar;-;
2022/07/09;18:46:22:0118;Fine;InstalledPlugins;Loading plugin 10 of 31 : Essentials.jar;-;
2022/07/09;18:46:22:0118;Fine;plugindescriptor;loading plugin (step 1/2): Essentials.jar - cache allowed:True;-;
2022/07/09;18:46:22:0118;Fine;plugindescriptor;Reading plugin data from cache...;-;
2022/07/09;18:46:22:0118;Fine;plugindescriptor;loading plugin (step 2/2): Essentials.jar - cache allowed:True;-;
2022/07/09;18:46:22:0171;Fine;plugindescriptor;loaded plugin: Essentials.jar - cache allowed:True;-;
2022/07/09;18:46:22:0171;Fine;InstalledPlugins;Loaded plugin 10 of 31 : Essentials.jar;-;
2022/07/09;18:46:22:0171;Fine;InstalledPlugins;Loading plugin 11 of 31 : EssentialsAntiBuild.jar;-;
2022/07/09;18:46:22:0171;Fine;plugindescriptor;loading plugin (step 1/2): EssentialsAntiBuild.jar - cache allowed:True;-;
2022/07/09;18:46:22:0171;Fine;plugindescriptor;Reading plugin data from cache...;-;
2022/07/09;18:46:22:0171;Fine;plugindescriptor;loading plugin (step 2/2): EssentialsAntiBuild.jar - cache allowed:True;-;
2022/07/09;18:46:22:0175;Fine;plugindescriptor;loaded plugin: EssentialsAntiBuild.jar - cache allowed:True;-;
2022/07/09;18:46:22:0175;Fine;InstalledPlugins;Loaded plugin 11 of 31 : EssentialsAntiBuild.jar;-;
2022/07/09;18:46:22:0175;Fine;InstalledPlugins;Loading plugin 12 of 31 : EssentialsChat.jar;-;
2022/07/09;18:46:22:0175;Fine;plugindescriptor;loading plugin (step 1/2): EssentialsChat.jar - cache allowed:True;-;
2022/07/09;18:46:22:0175;Fine;plugindescriptor;Reading plugin data from cache...;-;
2022/07/09;18:46:22:0175;Fine;plugindescriptor;loading plugin (step 2/2): EssentialsChat.jar - cache allowed:True;-;
2022/07/09;18:46:22:0176;Fine;plugindescriptor;loaded plugin: EssentialsChat.jar - cache allowed:True;-;
2022/07/09;18:46:22:0176;Fine;InstalledPlugins;Loaded plugin 12 of 31 : EssentialsChat.jar;-;
2022/07/09;18:46:22:0176;Fine;InstalledPlugins;Loading plugin 13 of 31 : EssentialsGroupManager.jar;-;
2022/07/09;18:46:22:0176;Fine;plugindescriptor;loading plugin (step 1/2): EssentialsGroupManager.jar - cache allowed:True;-;
2022/07/09;18:46:22:0176;Fine;plugindescriptor;Reading plugin data from cache...;-;
2022/07/09;18:46:22:0176;Fine;plugindescriptor;loading plugin (step 2/2): EssentialsGroupManager.jar - cache allowed:True;-;
2022/07/09;18:46:22:0184;Fine;plugindescriptor;loaded plugin: EssentialsGroupManager.jar - cache allowed:True;-;
2022/07/09;18:46:22:0184;Fine;InstalledPlugins;Loaded plugin 13 of 31 : EssentialsGroupManager.jar;-;
2022/07/09;18:46:22:0184;Fine;InstalledPlugins;Loading plugin 14 of 31 : EssentialsProtect.jar;-;
2022/07/09;18:46:22:0184;Fine;plugindescriptor;loading plugin (step 1/2): EssentialsProtect.jar - cache allowed:True;-;
2022/07/09;18:46:22:0184;Fine;plugindescriptor;Reading plugin data from cache...;-;
2022/07/09;18:46:22:0184;Fine;plugindescriptor;loading plugin (step 2/2): EssentialsProtect.jar - cache allowed:True;-;
2022/07/09;18:46:22:0185;Fine;plugindescriptor;loaded plugin: EssentialsProtect.jar - cache allowed:True;-;
2022/07/09;18:46:22:0185;Fine;InstalledPlugins;Loaded plugin 14 of 31 : EssentialsProtect.jar;-;
2022/07/09;18:46:22:0185;Fine;InstalledPlugins;Loading plugin 15 of 31 : EssentialsSpawn.jar;-;
2022/07/09;18:46:22:0185;Fine;plugindescriptor;loading plugin (step 1/2): EssentialsSpawn.jar - cache allowed:True;-;
2022/07/09;18:46:22:0185;Fine;plugindescriptor;Reading plugin data from cache...;-;
2022/07/09;18:46:22:0186;Fine;plugindescriptor;loading plugin (step 2/2): EssentialsSpawn.jar - cache allowed:True;-;
2022/07/09;18:46:22:0213;Fine;plugindescriptor;loaded plugin: EssentialsSpawn.jar - cache allowed:True;-;
2022/07/09;18:46:22:0213;Fine;InstalledPlugins;Loaded plugin 15 of 31 : EssentialsSpawn.jar;-;
2022/07/09;18:46:22:0213;Fine;InstalledPlugins;Loading plugin 16 of 31 : gravelclay.jar;-;
2022/07/09;18:46:22:0213;Fine;plugindescriptor;loading plugin (step 1/2): gravelclay.jar - cache allowed:True;-;
2022/07/09;18:46:22:0213;Fine;plugindescriptor;Reading plugin data from cache...;-;
2022/07/09;18:46:22:0213;Fine;plugindescriptor;loading plugin (step 2/2): gravelclay.jar - cache allowed:True;-;
2022/07/09;18:46:22:0214;Fine;plugindescriptor;loaded plugin: gravelclay.jar - cache allowed:True;-;
2022/07/09;18:46:22:0214;Fine;InstalledPlugins;Loaded plugin 16 of 31 : gravelclay.jar;-;
2022/07/09;18:46:22:0214;Fine;InstalledPlugins;Loading plugin 17 of 31 : HerobrineAI.jar;-;
2022/07/09;18:46:22:0214;Fine;plugindescriptor;loading plugin (step 1/2): HerobrineAI.jar - cache allowed:True;-;
2022/07/09;18:46:22:0214;Fine;plugindescriptor;Reading plugin data from cache...;-;
2022/07/09;18:46:22:0214;Fine;plugindescriptor;loading plugin (step 2/2): HerobrineAI.jar - cache allowed:True;-;
2022/07/09;18:46:22:0215;Fine;plugindescriptor;loaded plugin: HerobrineAI.jar - cache allowed:True;-;
2022/07/09;18:46:22:0215;Fine;InstalledPlugins;Loaded plugin 17 of 31 : HerobrineAI.jar;-;
2022/07/09;18:46:22:0215;Fine;InstalledPlugins;Loading plugin 18 of 31 : IP-Check-1.4.0_2.jar;-;
2022/07/09;18:46:22:0215;Fine;plugindescriptor;loading plugin (step 1/2): IP-Check-1.4.0_2.jar - cache allowed:True;-;
2022/07/09;18:46:22:0215;Fine;plugindescriptor;Reading plugin data from cache...;-;
2022/07/09;18:46:22:0215;Fine;plugindescriptor;loading plugin (step 2/2): IP-Check-1.4.0_2.jar - cache allowed:True;-;
2022/07/09;18:46:22:0216;Fine;plugindescriptor;loaded plugin: IP-Check-1.4.0_2.jar - cache allowed:True;-;
2022/07/09;18:46:22:0216;Fine;InstalledPlugins;Loaded plugin 18 of 31 : IP-Check-1.4.0_2.jar;-;
2022/07/09;18:46:22:0216;Fine;InstalledPlugins;Loading plugin 19 of 31 : Lockette.jar;-;
2022/07/09;18:46:22:0216;Fine;plugindescriptor;loading plugin (step 1/2): Lockette.jar - cache allowed:True;-;
2022/07/09;18:46:22:0216;Fine;plugindescriptor;Reading plugin data from cache...;-;
2022/07/09;18:46:22:0216;Fine;plugindescriptor;loading plugin (step 2/2): Lockette.jar - cache allowed:True;-;
2022/07/09;18:46:22:0243;Fine;plugindescriptor;loaded plugin: Lockette.jar - cache allowed:True;-;
2022/07/09;18:46:22:0243;Fine;InstalledPlugins;Loaded plugin 19 of 31 : Lockette.jar;-;
2022/07/09;18:46:22:0243;Fine;InstalledPlugins;Loading plugin 20 of 31 : mcMMO.jar;-;
2022/07/09;18:46:22:0243;Fine;plugindescriptor;loading plugin (step 1/2): mcMMO.jar - cache allowed:True;-;
2022/07/09;18:46:22:0243;Fine;plugindescriptor;Reading plugin data from cache...;-;
2022/07/09;18:46:22:0243;Fine;plugindescriptor;loading plugin (step 2/2): mcMMO.jar - cache allowed:True;-;
2022/07/09;18:46:22:0307;Fine;plugindescriptor;loaded plugin: mcMMO.jar - cache allowed:True;-;
2022/07/09;18:46:22:0307;Fine;InstalledPlugins;Loaded plugin 20 of 31 : mcMMO.jar;-;
2022/07/09;18:46:22:0307;Fine;InstalledPlugins;Loading plugin 21 of 31 : MonsterEffects_v2.2.jar;-;
2022/07/09;18:46:22:0307;Fine;plugindescriptor;loading plugin (step 1/2): MonsterEffects_v2.2.jar - cache allowed:True;-;
2022/07/09;18:46:22:0307;Fine;plugindescriptor;Reading plugin data from cache...;-;
2022/07/09;18:46:22:0307;Fine;plugindescriptor;loading plugin (step 2/2): MonsterEffects_v2.2.jar - cache allowed:True;-;
2022/07/09;18:46:22:0309;Fine;plugindescriptor;loaded plugin: MonsterEffects_v2.2.jar - cache allowed:True;-;
2022/07/09;18:46:22:0309;Fine;InstalledPlugins;Loaded plugin 21 of 31 : MonsterEffects_v2.2.jar;-;
2022/07/09;18:46:22:0309;Fine;InstalledPlugins;Loading plugin 22 of 31 : MoreMobs.jar;-;
2022/07/09;18:46:22:0309;Fine;plugindescriptor;loading plugin (step 1/2): MoreMobs.jar - cache allowed:True;-;
2022/07/09;18:46:22:0309;Fine;plugindescriptor;Reading plugin data from cache...;-;
2022/07/09;18:46:22:0309;Fine;plugindescriptor;loading plugin (step 2/2): MoreMobs.jar - cache allowed:True;-;
2022/07/09;18:46:22:0310;Fine;plugindescriptor;loaded plugin: MoreMobs.jar - cache allowed:True;-;
2022/07/09;18:46:22:0310;Fine;InstalledPlugins;Loaded plugin 22 of 31 : MoreMobs.jar;-;
2022/07/09;18:46:22:0310;Fine;InstalledPlugins;Loading plugin 23 of 31 : MOTDColor.jar;-;
2022/07/09;18:46:22:0310;Fine;plugindescriptor;loading plugin (step 1/2): MOTDColor.jar - cache allowed:True;-;
2022/07/09;18:46:22:0310;Fine;plugindescriptor;Reading plugin data from cache...;-;
2022/07/09;18:46:22:0310;Fine;plugindescriptor;loading plugin (step 2/2): MOTDColor.jar - cache allowed:True;-;
2022/07/09;18:46:22:0311;Fine;plugindescriptor;loaded plugin: MOTDColor.jar - cache allowed:True;-;
2022/07/09;18:46:22:0311;Fine;InstalledPlugins;Loaded plugin 23 of 31 : MOTDColor.jar;-;
2022/07/09;18:46:22:0311;Fine;InstalledPlugins;Loading plugin 24 of 31 : NewTag.jar;-;
2022/07/09;18:46:22:0311;Fine;plugindescriptor;loading plugin (step 1/2): NewTag.jar - cache allowed:True;-;
2022/07/09;18:46:22:0311;Fine;plugindescriptor;Reading plugin data from cache...;-;
2022/07/09;18:46:22:0311;Fine;plugindescriptor;loading plugin (step 2/2): NewTag.jar - cache allowed:True;-;
2022/07/09;18:46:22:0335;Fine;plugindescriptor;loaded plugin: NewTag.jar - cache allowed:True;-;
2022/07/09;18:46:22:0335;Fine;InstalledPlugins;Loaded plugin 24 of 31 : NewTag.jar;-;
2022/07/09;18:46:22:0335;Fine;InstalledPlugins;Loading plugin 25 of 31 : PlayerZombies-0.4.jar;-;
2022/07/09;18:46:22:0335;Fine;plugindescriptor;loading plugin (step 1/2): PlayerZombies-0.4.jar - cache allowed:True;-;
2022/07/09;18:46:22:0336;Fine;plugindescriptor;Reading plugin data from cache...;-;
2022/07/09;18:46:22:0336;Fine;plugindescriptor;loading plugin (step 2/2): PlayerZombies-0.4.jar - cache allowed:True;-;
2022/07/09;18:46:22:0336;Fine;plugindescriptor;loaded plugin: PlayerZombies-0.4.jar - cache allowed:True;-;
2022/07/09;18:46:22:0336;Fine;InstalledPlugins;Loaded plugin 25 of 31 : PlayerZombies-0.4.jar;-;
2022/07/09;18:46:22:0336;Fine;InstalledPlugins;Loading plugin 26 of 31 : Residence.jar;-;
2022/07/09;18:46:22:0336;Fine;plugindescriptor;loading plugin (step 1/2): Residence.jar - cache allowed:True;-;
2022/07/09;18:46:22:0336;Fine;plugindescriptor;Reading plugin data from cache...;-;
2022/07/09;18:46:22:0336;Fine;plugindescriptor;loading plugin (step 2/2): Residence.jar - cache allowed:True;-;
2022/07/09;18:46:22:0343;Fine;plugindescriptor;loaded plugin: Residence.jar - cache allowed:True;-;
2022/07/09;18:46:22:0343;Fine;InstalledPlugins;Loaded plugin 26 of 31 : Residence.jar;-;
2022/07/09;18:46:22:0343;Fine;InstalledPlugins;Loading plugin 27 of 31 : TabHealth.jar;-;
2022/07/09;18:46:22:0343;Fine;plugindescriptor;loading plugin (step 1/2): TabHealth.jar - cache allowed:True;-;
2022/07/09;18:46:22:0343;Fine;plugindescriptor;Reading plugin data from cache...;-;
2022/07/09;18:46:22:0343;Fine;plugindescriptor;loading plugin (step 2/2): TabHealth.jar - cache allowed:True;-;
2022/07/09;18:46:22:0344;Fine;plugindescriptor;loaded plugin: TabHealth.jar - cache allowed:True;-;
2022/07/09;18:46:22:0344;Fine;InstalledPlugins;Loaded plugin 27 of 31 : TabHealth.jar;-;
2022/07/09;18:46:22:0344;Fine;InstalledPlugins;Loading plugin 28 of 31 : Vault.jar;-;
2022/07/09;18:46:22:0344;Fine;plugindescriptor;loading plugin (step 1/2): Vault.jar - cache allowed:True;-;
2022/07/09;18:46:22:0344;Fine;plugindescriptor;Reading plugin data from cache...;-;
2022/07/09;18:46:22:0344;Fine;plugindescriptor;loading plugin (step 2/2): Vault.jar - cache allowed:True;-;
2022/07/09;18:46:22:0345;Fine;plugindescriptor;loaded plugin: Vault.jar - cache allowed:True;-;
2022/07/09;18:46:22:0345;Fine;InstalledPlugins;Loaded plugin 28 of 31 : Vault.jar;-;
2022/07/09;18:46:22:0345;Fine;InstalledPlugins;Loading plugin 29 of 31 : VoteKick.jar;-;
2022/07/09;18:46:22:0345;Fine;plugindescriptor;loading plugin (step 1/2): VoteKick.jar - cache allowed:True;-;
2022/07/09;18:46:22:0345;Fine;plugindescriptor;Reading plugin data from cache...;-;
2022/07/09;18:46:22:0345;Fine;plugindescriptor;loading plugin (step 2/2): VoteKick.jar - cache allowed:True;-;
2022/07/09;18:46:22:0351;Fine;plugindescriptor;loaded plugin: VoteKick.jar - cache allowed:True;-;
2022/07/09;18:46:22:0351;Fine;InstalledPlugins;Loaded plugin 29 of 31 : VoteKick.jar;-;
2022/07/09;18:46:22:0351;Fine;InstalledPlugins;Loading plugin 30 of 31 : WeaponLevels.jar;-;
2022/07/09;18:46:22:0351;Fine;plugindescriptor;loading plugin (step 1/2): WeaponLevels.jar - cache allowed:True;-;
2022/07/09;18:46:22:0351;Fine;plugindescriptor;Reading plugin data from cache...;-;
2022/07/09;18:46:22:0351;Fine;plugindescriptor;loading plugin (step 2/2): WeaponLevels.jar - cache allowed:True;-;
2022/07/09;18:46:22:0357;Fine;plugindescriptor;loaded plugin: WeaponLevels.jar - cache allowed:True;-;
2022/07/09;18:46:22:0357;Fine;InstalledPlugins;Loaded plugin 30 of 31 : WeaponLevels.jar;-;
2022/07/09;18:46:22:0357;Fine;InstalledPlugins;Loading plugin 31 of 31 : WorldEdit.jar;-;
2022/07/09;18:46:22:0357;Fine;plugindescriptor;loading plugin (step 1/2): WorldEdit.jar - cache allowed:True;-;
2022/07/09;18:46:22:0357;Fine;plugindescriptor;Reading plugin data from cache...;-;
2022/07/09;18:46:22:0357;Fine;plugindescriptor;loading plugin (step 2/2): WorldEdit.jar - cache allowed:True;-;
2022/07/09;18:46:22:0358;Fine;plugindescriptor;loaded plugin: WorldEdit.jar - cache allowed:True;-;
2022/07/09;18:46:22:0358;Fine;InstalledPlugins;Loaded plugin 31 of 31 : WorldEdit.jar;-;
2022/07/09;18:46:22:0364;Warning;AdvancedWebClient;Could not download data from http://api.bukget.org/3/plugins?fields=slug,plugin_name,description,versions.version,versions.game_versions&sort=-popularity.weekly&start=0&size=20 : WebException/Unknown : The remote name could not be resolved: 'api.bukget.org';-;
2022/07/09;18:46:22:0369;Fine;BukGetAPI;Starting parse of plugin list...;-;
2022/07/09;18:46:22:0369;Warning;BukGetAPI;No elements in list, cannot parse plugin list;-;
2022/07/09;18:46:22:0369;Fine;BukGetAPI;Retrying to get available plugins;-;
2022/07/09;18:46:22:0369;Fine;AdvancedWebClient;Retrieving contents from api.bukget.org;-;
2022/07/09;18:46:22:0854;Warning;AdvancedWebClient;Could not download data from http://api.bukget.org/3/plugins?fields=slug,plugin_name,description,versions.version,versions.game_versions&sort=-popularity.weekly&start=0&size=20 : WebException/Unknown : The remote name could not be resolved: 'api.bukget.org';-;
2022/07/09;18:46:22:0854;Fine;BukGetAPI;Starting parse of plugin list...;-;
2022/07/09;18:46:22:0854;Warning;BukGetAPI;No elements in list, cannot parse plugin list;-;
2022/07/09;18:46:22:0854;Fine;BukGetAPI;All plugins loaded;-;
2022/07/09;18:46:23:0157;Fine;mainform;Starting to load mainform;-;
2022/07/09;18:46:23:0158;Fine;mainform;Mainform window handle saved!;-;
2022/07/09;18:46:23:0186;Fine;mainform;Setting User Interface for server type Bukkit;-;
2022/07/09;18:46:23:0187;Fine;fxml - config;Requested XML element: bukkit_get_version - Value: true;-;
2022/07/09;18:46:23:0189;Fine;fxml - config;Saved XML element: bukkit_get_version - Value: true;-;
2022/07/09;18:46:23:0189;Fine;fxml - config;Requested XML element: bukkit_auto_update - Value: true;-;
2022/07/09;18:46:23:0191;Fine;fxml - config;Saved XML element: bukkit_auto_update - Value: true;-;
2022/07/09;18:46:23:0191;Fine;fxml - config;Requested XML element: bukkit_auto_update_automatic - Value: false;-;
2022/07/09;18:46:23:0196;Fine;fxml - config;Requested XML element: jre - Value: 4;-;
2022/07/09;18:46:23:0196;Fine;fxml - config;Requested XML element: server - Value: 0;-;
2022/07/09;18:46:23:0196;Fine;fxml - config;Requested XML element: minram - Value: 128;-;
2022/07/09;18:46:23:0196;Fine;fxml - config;Requested XML element: maxram - Value: 1024;-;
2022/07/09;18:46:23:0197;Fine;fxml - config;Requested XML element: jar - Value: D:\Projects\Minecraft Server 1.5.2\craftbukkit-1.5.2-R1.0.jar;-;
2022/07/09;18:46:23:0199;Fine;fxml - config;Saved XML element: jar - Value: D:\Projects\Minecraft Server 1.5.2\craftbukkit-1.5.2-R1.0.jar;-;
2022/07/09;18:46:23:0199;Fine;fxml - config;Requested XML element: custom_args - Value: ;-;
2022/07/09;18:46:23:0199;Fine;fxml - config;Requested XML element: custom_switch - Value: ;-;
2022/07/09;18:46:23:0199;Fine;fxml - config;Requested XML element: remote_host - Value: ;-;
2022/07/09;18:46:23:0199;Fine;fxml - config;Requested XML element: remote_username - Value: ;-;
2022/07/09;18:46:23:0199;Fine;fxml - config;Requested XML element: remote_port - Value: 20059;-;
2022/07/09;18:46:23:0199;Fine;fxml - config;Requested XML element: remote_password - Value: ********;-;
2022/07/09;18:46:23:0199;Fine;fxml - config;Requested XML element: remote_salt - Value: ********;-;
2022/07/09;18:46:23:0199;Fine;fxml - config;Requested XML element: bukkit_get_version - Value: true;-;
2022/07/09;18:46:23:0199;Fine;fxml - config;Requested XML element: bukkit_auto_update - Value: true;-;
2022/07/09;18:46:23:0200;Fine;mainform;Loading plugin installer items;-;
2022/07/09;18:46:23:0202;Fine;BukGetAPI;Getting categories;-;
2022/07/09;18:46:23:0202;Fine;AdvancedWebClient;Retrieving contents from api.bukget.org;-;
2022/07/09;18:46:23:0619;Warning;AdvancedWebClient;Could not download data from http://api.bukget.org/3/categories/ : WebException/Unknown : The remote name could not be resolved: 'api.bukget.org';-;
2022/07/09;18:46:23:0620;Severe;mainform;Error: Could not initialize pluginmanager UI;Object reference not set to an instance of an object.;
2022/07/09;18:46:23:0622;Fine;mainform;Loading info items;-;
2022/07/09;18:46:23:0786;Fine;AdvancedWebClient;Retrieving contents from geoip.bertware.net;-;
2022/07/09;18:46:23:0787;Fine;fxml - config;Requested XML element: time - Value: 500;-;
2022/07/09;18:46:23:0787;Fine;fxml - config;Requested XML element: join - Value: false;-;
2022/07/09;18:46:23:0787;Fine;fxml - config;Requested XML element: disconnect - Value: false;-;
2022/07/09;18:46:23:0787;Fine;fxml - config;Requested XML element: warning - Value: false;-;
2022/07/09;18:46:23:0787;Fine;fxml - config;Requested XML element: severe - Value: false;-;
2022/07/09;18:46:23:0787;Fine;fxml - config;Requested XML element: always - Value: false;-;
2022/07/09;18:46:23:0787;Fine;fxml - config;Requested XML element: minimize - Value: false;-;
2022/07/09;18:46:23:0791;Fine;fxml - config;Requested XML element: language - Value: C:\Users\Christmas\AppData\Roaming\Bertware/BukkitGUI\Localization/default.xml;-;
2022/07/09;18:46:23:0796;Fine;fxml - config;Requested XML element: auto_update - Value: true;-;
2022/07/09;18:46:23:0797;Fine;fxml - config;Saved XML element: auto_update - Value: true;-;
2022/07/09;18:46:23:0797;Fine;fxml - config;Requested XML element: enable_tabplayers - Value: true;-;
2022/07/09;18:46:23:0798;Fine;fxml - config;Requested XML element: enable_taberrorlogging - Value: true;-;
2022/07/09;18:46:23:0799;Fine;fxml - config;Requested XML element: enable_tabtaskmanager - Value: true;-;
2022/07/09;18:46:23:0801;Fine;fxml - config;Requested XML element: enable_tabplugins - Value: true;-;
2022/07/09;18:46:23:0802;Fine;fxml - config;Requested XML element: enable_tabserveroptions - Value: true;-;
2022/07/09;18:46:23:0810;Fine;fxml - config;Saved XML element: time - Value: true;-;
2022/07/09;18:46:24:0387;Warning;AdvancedWebClient;Could not download data from http://geoip.bertware.net/me : WebException/Unknown : The remote name could not be resolved: 'geoip.bertware.net';-;
2022/07/09;18:46:24:0772;Fine;fxml - config;Requested XML element: font_name - Value: arial;-;
2022/07/09;18:46:24:0772;Fine;fxml - config;Requested XML element: font_size - Value: 9;-;
2022/07/09;18:46:24:0772;Fine;fxml - config;Requested XML element: utf_8_compatibility - Value: false;-;
2022/07/09;18:46:24:0792;Fine;ServerSettings;Reading server settings from D:\Projects\Minecraft Server 1.5.2/server.properties;-;
2022/07/09;18:46:24:0794;Fine;fxml - config;Requested XML element: autostart - Value: false;-;
2022/07/09;18:46:24:0796;Fine;fxml - config;Requested XML element: spamfilter - Value: ;-;
2022/07/09;18:46:24:0796;Fine;fxml - config;Requested XML element: minotar_size - Value: 32;-;
2022/07/09;18:46:24:0796;Fine;fxml - config;Requested XML element: minotar_source - Value: http://minotar.net;-;
2022/07/09;18:46:25:0208;Fine;mainform;Adding 0 Items to BukGet Plugin list;thds_SetBukgetPlugins;
2022/07/09;18:46:25:0208;Fine;mainform;finished to load mainform;-;
2022/07/09;18:46:25:0249;Fine;Splashscreen;Application initialized, Closing splashscreen;-;
2022/07/09;18:46:28:0325;Fine;Mainform;Starting new server - selected type:Bukkit;-;
2022/07/09;18:46:28:0328;Fine;mainform;Validating settings for server type Bukkit;-;
2022/07/09;18:46:28:0329;Fine;mainform;Validated settings, result:True;-;
2022/07/09;18:46:28:0329;Fine;Mainform;Starting new bukkit server...;-;
2022/07/09;18:46:28:0347;Fine;BukkitTools;Determining current bukkit version;-;
2022/07/09;18:46:28:0347;Fine;fxml - config;Requested XML element: alternative_java - Value: C:\Program Files\Java\jdk1.8.0_301\bin\java.exe;-;
2022/07/09;18:46:29:0299;Fine;BukkitTools;Current version string : git-Bukkit-1.5.2-R1.0-b2788jnks
;-;
2022/07/09;18:46:29:0303;Fine;BukkitTools;Current version : 2788;-;
2022/07/09;18:46:29:0303;Fine;mainform;Current bukkit version:2788;CheckBukkitVersion();
2022/07/09;18:46:29:0306;Fine;mainform;Latest recommended build not fetched. Auto update not available;CheckBukkitVersion();
2022/07/09;18:46:29:0310;Fine;fxml - config;Requested XML element: alternative_java - Value: C:\Program Files\Java\jdk1.8.0_301\bin\java.exe;-;
2022/07/09;18:46:29:0310;Fine;fxml - config;Requested XML element: utf_8_compatibility - Value: false;-;
2022/07/09;18:46:29:0314;Fine;Server;Starting server (java);server;
2022/07/09;18:46:29:0314;Fine;Server;Executable:C:\Program Files\Java\jdk1.8.0_301\bin\java.exe;Server-StartJavaServer;
2022/07/09;18:46:29:0314;Fine;Server;Jar:D:\Projects\Minecraft Server 1.5.2\craftbukkit-1.5.2-R1.0.jar;Server-StartJavaServer;
2022/07/09;18:46:29:0314;Fine;Server;Options:-Xms128M -Xmx1024M -Duser.language=en ;Server-StartJavaServer;
2022/07/09;18:46:29:0314;Fine;Server;Flags:-nojline;Server-StartJavaServer;
2022/07/09;18:46:29:0315;Fine;Server;Total argument:-Xms128M -Xmx1024M -Duser.language=en -jar "D:\Projects\Minecraft Server 1.5.2\craftbukkit-1.5.2-R1.0.jar" -nojline;Server-StartJavaServer;
2022/07/09;18:46:29:0420;Fine;Server;Starting process;-;
2022/07/09;18:46:29:0423;Fine;Server;Process started;-;
2022/07/09;18:46:29:0425;Fine;Server;Initializing handling for new server;-;
2022/07/09;18:46:29:0425;Fine;Server;New server initialized;-;
2022/07/09;18:46:29:0425;Fine;Server;Server started succesfully;-;
2022/07/09;18:46:29:0437;Fine;ServerSettings;Reading server settings from D:\Projects\Minecraft Server 1.5.2/server.properties;-;
2022/07/09;18:46:29:0496;Fine;mainform;Output thread started...;-;
2022/07/09;18:46:29:0496;Fine;mainform;Output thread started...;-;
2022/07/09;18:47:23:0194;Warning;dlb;Could not create dlb_download object, xml invalid. Xml:;-;
2022/07/09;18:47:23:0194;Fine;BukkitTools;Fetched latest recommended bukkit version (0);-;
2022/07/09;18:48:24:0616;Warning;dlb;Could not create dlb_download object, xml invalid. Xml:;-;
2022/07/09;18:48:24:0616;Fine;BukkitTools;Fetched latest beta bukkit version (0);-;
2022/07/09;18:48:28:0531;Fine;ServerSettings;Reading server settings from D:\Projects\Minecraft Server 1.5.2/server.properties;-;
2022/07/09;18:48:41:0515;Fine;Mainform;Player joined, event catched by UI. Player:ChrisTJie;-;
2022/07/09;18:48:41:0525;Fine;mainform;Getting additional details for player ChrisTJie(0);-;
2022/07/09;18:48:41:0527;Fine;ServerInteraction;Getting minotar for ChrisTJie;-;
2022/07/09;18:48:42:0580;Fine;ServerInteraction;Minotar Url: http://minotar.net/helm/ChrisTJie/32.png;-;
2022/07/09;18:48:43:0154;Fine;ServerInteraction;Function done... Returning result;-;
2022/07/09;18:48:43:0154;Fine;Mainform;Avatar loaded;-;
2022/07/09;18:48:43:0155;Fine;AdvancedWebClient;Retrieving contents from geoip.bertware.net;-;
2022/07/09;18:48:44:0215;Warning;AdvancedWebClient;Could not download data from http://geoip.bertware.net/127.0.0.1 : WebException/Unknown : The remote name could not be resolved: 'geoip.bertware.net';-;
2022/07/09;18:48:44:0215;Fine;Mainform;Location loaded;-;
2022/07/09;18:48:44:0228;Fine;Mainform;Updating player ChrisTJie  in listviews;-;
2022/07/09;18:48:44:0233;Fine;Mainform;Player updated;-;
2022/07/09;18:49:15:0427;Fine;Mainform;Player joined, event catched by UI. Player:ChrisTJie;-;
2022/07/09;18:49:15:0433;Fine;mainform;Getting additional details for player ChrisTJie(1);-;
2022/07/09;18:49:15:0433;Fine;ServerInteraction;Getting minotar for ChrisTJie;-;
2022/07/09;18:49:16:0015;Fine;ServerInteraction;Minotar Url: http://minotar.net/helm/ChrisTJie/32.png;-;
2022/07/09;18:49:16:0168;Fine;ServerInteraction;Function done... Returning result;-;
2022/07/09;18:49:16:0168;Fine;Mainform;Avatar loaded;-;
2022/07/09;18:49:16:0168;Fine;AdvancedWebClient;Retrieving contents from geoip.bertware.net;-;
2022/07/09;18:49:16:0844;Warning;AdvancedWebClient;Could not download data from http://geoip.bertware.net/127.0.0.1 : WebException/Unknown : The remote name could not be resolved: 'geoip.bertware.net';-;
2022/07/09;18:49:16:0844;Fine;Mainform;Location loaded;-;
2022/07/09;18:49:16:0844;Fine;Mainform;Updating player ChrisTJie  in listviews;-;
2022/07/09;18:49:16:0844;Warning;Mainform;Invalid ID! cancelling;Update_player;
2022/07/09;18:49:16:0844;Fine;Mainform;Player updated;-;
2022/07/09;18:49:26:0054;Warning;dlb;Could not create dlb_download object, xml invalid. Xml:;-;
2022/07/09;18:49:26:0054;Fine;BukkitTools;Fetched latest dev bukkit version (0);-;
2022/07/09;18:53:18:0280;Fine;mainform;Player disconnected, event catched by UI. Player:ChrisTJie;hnd_PlayerDisconnect();
2022/07/09;18:53:18:0286;Fine;Mainform;Removed player from player list;-;
2022/07/09;18:53:18:0287;Fine;Mainform;Removed player from UI general player list;-;
2022/07/09;18:53:18:0287;Fine;Mainform;Removed player from UI players player list;-;
2022/07/09;18:53:18:0287;Fine;Mainform;Removed player avatar from imagelist;-;
2022/07/09;18:53:18:0287;Fine;Mainform;Finished player removal;-;
2022/07/09;18:53:18:0287;Fine;Mainform;Finished player removal;-;
2022/07/09;18:53:21:0680;Fine;mainform;Stopping server...;stop_server();
2022/07/09;18:53:57:0606;Fine;ServerOutputHandler;List command output recognized, will update player list;-;
2022/07/09;18:53:57:0615;Fine;ServerOutputHandler;Checking player lists...;-;
2022/07/09;18:53:57:0617;Fine;ServerOutputHandler;Players online now:AutoSaving;-;
2022/07/09;18:53:57:0617;Fine;ServerOutputHandler;Checking lists (1/4) - players that are show multiple times;-;
2022/07/09;18:53:57:0617;Fine;ServerOutputHandler;Skipped duplicate player check, there are less than 2 players shown.;ServerOutputHandler;
2022/07/09;18:53:57:0617;Fine;ServerOutputHandler;Checking lists (2/4) - Disconnected players are still shown;ServerOutputHandler;
2022/07/09;18:53:57:0617;Fine;ServerOutputHandler;Removing player ChrisTJie - still shown while disconnected;ServerOutputHandler;
2022/07/09;18:53:57:0617;Fine;mainform;Player disconnected, event catched by UI. Player:ChrisTJie;hnd_PlayerDisconnect();
2022/07/09;18:53:57:0617;Fine;Mainform;Removed player from player list;-;
2022/07/09;18:53:57:0617;Fine;Mainform;Removed player from UI general player list;-;
2022/07/09;18:53:57:0617;Fine;Mainform;Removed player from UI players player list;-;
2022/07/09;18:53:57:0617;Fine;Mainform;Removed player avatar from imagelist;-;
2022/07/09;18:53:57:0617;Fine;Mainform;Finished player removal;-;
2022/07/09;18:53:57:0617;Fine;Mainform;Finished player removal;-;
2022/07/09;18:53:57:0617;Fine;ServerOutputHandler;Checking lists (3/4) - Online players aren't shown;-;
2022/07/09;18:53:57:0617;Fine;ServerOutputHandler;Player not shown: AutoSaving - Adding now...;-;
2022/07/09;18:53:57:0618;Warning;Mainform;Player joined - invalid PlayerJoinEventArgs passed!;-;
2022/07/09;18:53:57:0618;Fine;ServerOutputHandler;Checking lists (4/4) - detected players aren't shown in playerlist;-;
2022/07/09;18:53:57:0623;Fine;mainform;Player registered but not shown! AutoSaving;-;
2022/07/09;18:53:57:0625;Fine;mainform;Getting additional details for player AutoSaving(0);-;
2022/07/09;18:53:57:0625;Fine;ServerInteraction;Getting minotar for AutoSaving;-;
2022/07/09;18:53:57:0625;Fine;ServerOutputHandler;Checked Lists succesfully;-;
2022/07/09;18:53:57:0625;Fine;ServerOutputHandler;Finalized list check;-;
2022/07/09;18:53:57:0982;Fine;ServerInteraction;Minotar Url: http://minotar.net/helm/AutoSaving/32.png;-;
2022/07/09;18:53:58:0333;Fine;ServerInteraction;Function done... Returning result;-;
2022/07/09;18:53:58:0333;Fine;Mainform;Avatar loaded;-;
2022/07/09;18:53:58:0333;Fine;AdvancedWebClient;Retrieving contents from geoip.bertware.net;-;
2022/07/09;18:53:58:0851;Warning;AdvancedWebClient;Could not download data from http://geoip.bertware.net/unknown : WebException/Unknown : The remote name could not be resolved: 'geoip.bertware.net';-;
2022/07/09;18:53:58:0851;Fine;Mainform;Location loaded;-;
2022/07/09;18:53:58:0852;Fine;Mainform;Updating player AutoSaving  in listviews;-;
2022/07/09;18:53:58:0856;Fine;Mainform;Player updated;-;
2022/07/09;18:55:00:0381;Fine;mainform;Closing mainform;-;
2022/07/09;18:55:00:0395;Fine;Statistics;Reporting stats...;-;
2022/07/09;18:55:00:0411;Fine;AdvancedWebClient;Retrieving contents from bukkitgui.bertware.net;-;
2022/07/09;18:55:00:0894;Warning;AdvancedWebClient;Could not download data from http://bukkitgui.bertware.net/api/1.1/bukkitgui.php?action=report_stats&key=A9A55162A9492B4B3CCD9743DF0F5E9EC8E6410D2246BC9F8A7A4378851D14D78367285A174DC49C3158C1E754FDAE5F51E951448A22C08723EE52332C&version=1.6.3.405&maxplayers=2&guiruntime=000.00:08:37&serverruntime=000.00:07:26&servertype=bukkit : WebException/Unknown : The remote name could not be resolved: 'bukkitgui.bertware.net';-;
2022/07/09;18:55:00:0894;Fine;Statistics;Reported stats...;-;
