[17:34:35] [Server thread/INFO]: Starting minecraft server version 1.11.2
[17:34:35] [Server thread/INFO]: Loading properties
[17:34:36] [Server thread/INFO]: Default game type: SURVIVAL
[17:34:36] [Server thread/INFO]: Generating keypair
[17:34:36] [Server thread/INFO]: Starting Minecraft server on *:25565
[17:34:36] [Server thread/INFO]: Using default channel type
[17:34:38] [Server thread/INFO]: This server is running CraftBukkit version git-Bukkit-f4822eb (MC: 1.11.2) (Implementing API version 1.11.2-R0.1-SNAPSHOT)
[17:34:38] [Server thread/WARN]: **** SERVER IS RUNNING IN OFFLINE/INSECURE MODE!
[17:34:38] [Server thread/WARN]: The server will make no attempt to authenticate usernames. Beware.
[17:34:38] [Server thread/WARN]: While this makes the game possible to play without internet access, it also opens up the ability for hackers to connect with any username they choose.
[17:34:38] [Server thread/WARN]: To change this, set "online-mode" to "true" in the server.properties file.
[17:34:38] [Server thread/INFO]: Preparing level "world"
[17:34:39] [Server thread/INFO]: Preparing start region for level 0 (Seed: -8602683767194490594)
[17:34:40] [Server thread/INFO]: Preparing spawn area: 1%
[17:34:41] [Server thread/INFO]: Preparing spawn area: 54%
[17:34:41] [Server thread/INFO]: Preparing start region for level 1 (Seed: -8602683767194490594)
[17:34:42] [Server thread/INFO]: Preparing spawn area: 71%
[17:34:43] [Server thread/INFO]: Preparing start region for level 2 (Seed: -8602683767194490594)
[17:34:43] [Server thread/INFO]: Server permissions file permissions.yml is empty, ignoring it
[17:34:43] [Server thread/INFO]: Done (4.863s)! For help, type "help" or "?"
[17:37:18] [Server thread/INFO]: ChrisTJie[/127.0.0.1:53744] logged in with entity id 305 at ([world]28.5, 73.0, 257.5)
[17:40:09] [Server thread/INFO]: ChrisTJie has just earned the achievement [Taking Inventory]
[17:41:05] [Server thread/INFO]: Set ChrisTJie's game mode to Creative Mode
[17:43:02] [Server thread/INFO]: Set ChrisTJie's game mode to Survival Mode
[17:43:05] [Server thread/INFO]: ChrisTJie tried to swim in lava
[17:43:13] [Server thread/INFO]: Set ChrisTJie's game mode to Creative Mode
[17:55:13] [Server thread/INFO]: Set ChrisTJie's game mode to Survival Mode
[17:55:44] [Server thread/INFO]: ChrisTJie drowned
[17:56:07] [Server thread/INFO]: ChrisTJie lost connection: Disconnected
[17:56:07] [Server thread/INFO]: ChrisTJie left the game
[17:56:14] [Server thread/INFO]: Stopping the server
[17:56:14] [Server thread/INFO]: Stopping server
[17:56:14] [Server thread/INFO]: Saving players
[17:56:14] [Server thread/INFO]: Saving worlds
[17:56:14] [Server thread/INFO]: Saving chunks for level 'world'/Overworld
[17:56:15] [Server thread/INFO]: Saving chunks for level 'world_nether'/Nether
[17:56:15] [Server thread/INFO]: Saving chunks for level 'world_the_end'/The End
