2022/07/09;17:33:34:0277;Info;Livebug;Livebug started;-;
2022/07/09;17:33:34:0283;Info;Livebug;app;BukkitGUI;
2022/07/09;17:33:34:0283;Info;Livebug;version;1.8.0.551;
2022/07/09;17:33:34:0283;Info;Livebug;path;D:\Projects\Minecraft Server 1.11.2;
2022/07/09;17:33:34:0308;Info;Livebug;netframework;3.5.30729.4926;
2022/07/09;17:33:34:0308;Info;Livebug;CPU;;
2022/07/09;17:33:34:0386;Info;Livebug;CPU;mfg: GenuineIntel;
2022/07/09;17:33:34:0393;Info;Livebug;CPU;name: Intel(R) Core(TM) i7-8750H CPU @ 2.20GHz;
2022/07/09;17:33:34:0401;Info;Livebug;CPU;cores: 6;
2022/07/09;17:33:34:0409;Info;Livebug;CPU;threads: 12;
2022/07/09;17:33:34:0417;Info;Livebug;CPU;speed: 2208;
2022/07/09;17:33:34:0417;Info;Livebug;RAM;;
2022/07/09;17:33:34:0427;Info;Livebug;RAM;amount: 8589934592;
2022/07/09;17:33:34:0435;Info;Livebug;RAM;mfg: SK Hynix;
2022/07/09;17:33:34:0435;Info;Livebug;OS;;
2022/07/09;17:33:34:0570;Info;Livebug;OS;Name:Microsoft Windows 11 Pro;
2022/07/09;17:33:34:0570;Info;Livebug;OS;Platform:Win32NT;
2022/07/09;17:33:34:0570;Info;Livebug;OS;Version:6.2.9200.0;
2022/07/09;17:33:34:0570;Fine;Splashscreen;Initializing application;-;
2022/07/09;17:33:34:0570;Fine;Splashscreen;Loading:Initializing common items(20%);-;
2022/07/09;17:33:34:0573;Fine;Common;Updating locations...;-;
2022/07/09;17:33:34:0573;Fine;Common;Common module initialized;-;
2022/07/09;17:33:34:0573;Fine;Splashscreen;Loading:Initializing config(40%);-;
2022/07/09;17:33:34:0624;Fine;fxml - config;Loading XML file: D:\Projects\Minecraft Server 1.11.2\BukkitGUI\Config/config.xml;-;
2022/07/09;17:33:34:0625;Fine;fxml - config;XML file loaded;-;
2022/07/09;17:33:34:0632;Fine;Common;Comparing versions: 1.2 - 1.2;-;
2022/07/09;17:33:34:0633;Fine;Common;Normalized versions: 1.2.0.0 - 1.2.0.0;-;
2022/07/09;17:33:34:0633;Fine;Common;Result of version compare:0;-;
2022/07/09;17:33:34:0633;Fine;fxml - config;Verifying versions, result: true;-;
2022/07/09;17:33:34:0633;Fine;Config;Config initialized;-;
2022/07/09;17:33:34:0639;Fine;fxml - config;Requested XML element: lightmode - Value: false;-;
2022/07/09;17:33:34:0639;Fine;Splashscreen;Loading:running update check...(30%);-;
2022/07/09;17:33:34:0642;Fine;fxml - config;Requested XML element: auto_update - Value: true;-;
2022/07/09;17:33:35:0526;Fine;Splashscreen;Loading:Initializing localization(50%);-;
2022/07/09;17:33:35:0536;Fine;fxml - config;Requested XML element: language - Value: D:\Minecraft Server 1.11.2\BukkitGUI\Localization/default.xml;-;
2022/07/09;17:33:35:0539;Fine;Common;File doesn't exist, creating... D:\Minecraft Server 1.11.2\BukkitGUI\Localization/default.xml;-;
2022/07/09;17:33:35:0540;Fine;Common;Writing default content to file... D:\Minecraft Server 1.11.2\BukkitGUI\Localization/default.xml;-;
2022/07/09;17:33:35:0541;Fine;Common;File created: D:\Minecraft Server 1.11.2\BukkitGUI\Localization/default.xml;-;
2022/07/09;17:33:35:0547;Fine;fxml - language;Loading XML file: D:\Minecraft Server 1.11.2\BukkitGUI\Localization/default.xml;-;
2022/07/09;17:33:35:0548;Fine;fxml - language;XML file loaded;-;
2022/07/09;17:33:35:0550;Fine;fxml - config;Requested XML element: join - Value: false;-;
2022/07/09;17:33:35:0550;Fine;fxml - config;Requested XML element: disconnect - Value: false;-;
2022/07/09;17:33:35:0550;Fine;fxml - config;Requested XML element: warning - Value: false;-;
2022/07/09;17:33:35:0550;Fine;fxml - config;Requested XML element: severe - Value: false;-;
2022/07/09;17:33:35:0553;Fine;Splashscreen;Loading:Initializing performance(60%);-;
2022/07/09;17:33:35:0571;Fine;performance;Initializing...;-;
2022/07/09;17:33:35:0572;Fine;performance;CPU timer started;-;
2022/07/09;17:33:35:0572;Fine;performance;RAM timer started;-;
2022/07/09;17:33:35:0572;Fine;performance;CPU counter started;-;
2022/07/09;17:33:35:0572;Fine;performance;Performance initialized;-;
2022/07/09;17:33:35:0572;Fine;Splashscreen;Loading:Initializing output handler(70%);-;
2022/07/09;17:33:35:0578;Fine;fxml - config;Requested XML element: info - Value: blue;-;
2022/07/09;17:33:35:0580;Fine;fxml - config;Requested XML element: player_event - Value: green;-;
2022/07/09;17:33:35:0580;Fine;fxml - config;Requested XML element: warning - Value: orange;-;
2022/07/09;17:33:35:0580;Fine;fxml - config;Requested XML element: severe - Value: red;-;
2022/07/09;17:33:35:0580;Fine;fxml - config;Requested XML element: unknown - Value: black;-;
2022/07/09;17:33:35:0580;Fine;fxml - config;Requested XML element: date - Value: false;-;
2022/07/09;17:33:35:0580;Fine;fxml - config;Requested XML element: time - Value: true;-;
2022/07/09;17:33:35:0580;Fine;Splashscreen;Loading:Initializing plugin manager(75%);-;
2022/07/09;17:33:35:0586;Fine;Splashscreen;Loading:Initializing server settings...(85%);-;
2022/07/09;17:33:35:0588;Fine;Pluginmanager;Initializing / Loading;-;
2022/07/09;17:33:35:0595;Fine;ServerSettings;Reading server settings from D:\Projects\Minecraft Server 1.11.2/server.properties;-;
2022/07/09;17:33:35:0598;Fine;fxml - config;Saved XML element: pluginmanager - Value: ;-;
2022/07/09;17:33:35:0598;Fine;AdvancedWebClient;Retrieving contents from api.bukget.org;-;
2022/07/09;17:33:35:0598;Fine;fxml - config;Saved XML element: installedplugins - Value: ;-;
2022/07/09;17:33:35:0603;Fine;fxml - config;Saved XML element: installplugins - Value: ;-;
2022/07/09;17:33:35:0607;Warning;pluginmanager;Cancelled simple list creation: no plugins;-;
2022/07/09;17:33:35:0620;Fine;Splashscreen;Loading:Initializing error manager...(85%);-;
2022/07/09;17:33:35:0624;Fine;fxml - config;Requested XML element: hide_warning - Value: false;-;
2022/07/09;17:33:35:0624;Fine;fxml - config;Requested XML element: hide_error - Value: false;-;
2022/07/09;17:33:35:0624;Fine;fxml - config;Requested XML element: hide_stacktrace - Value: false;-;
2022/07/09;17:33:35:0624;Fine;Splashscreen;Loading:Initializing task manager...(90%);-;
2022/07/09;17:33:35:0627;Fine;fxml - TaskManager;Loading XML file: D:\Projects\Minecraft Server 1.11.2\BukkitGUI\Config/tasks.xml;-;
2022/07/09;17:33:35:0628;Fine;fxml - TaskManager;XML file loaded;-;
2022/07/09;17:33:35:0630;Fine;TaskManager;Loading tasks...;-;
2022/07/09;17:33:35:0630;Fine;TaskManager;Loaded tasks. 0 tasks loaded;-;
2022/07/09;17:33:35:0631;Fine;Splashscreen;Loading:Initializing backup manager...(90%);-;
2022/07/09;17:33:35:0634;Fine;fxml - BackupManager;Loading XML file: D:\Projects\Minecraft Server 1.11.2\BukkitGUI\Config/backups.xml;-;
2022/07/09;17:33:35:0637;Fine;fxml - BackupManager;XML file loaded;-;
2022/07/09;17:33:35:0641;Fine;Backupmanager;Loading backups...;-;
2022/07/09;17:33:35:0641;Fine;Backupmanager;Loaded backups: 0 backups loaded;-;
2022/07/09;17:33:35:0641;Fine;Splashscreen;Loading:Done...(100%);-;
2022/07/09;17:33:36:0107;Warning;AdvancedWebClient;Could not download data from http://api.bukget.org/3/plugins?fields=slug,plugin_name,description,versions.version,versions.game_versions,main&sort=-popularity.weekly&start=0&size=20 : WebException/Unknown : The remote name could not be resolved: 'api.bukget.org';-;
2022/07/09;17:33:36:0112;Fine;BukGetAPI;Starting parse of plugin list...;-;
2022/07/09;17:33:36:0112;Warning;BukGetAPI;No elements in list, cannot parse plugin list;-;
2022/07/09;17:33:36:0112;Fine;BukGetAPI;Retrying to get available plugins;-;
2022/07/09;17:33:36:0112;Fine;AdvancedWebClient;Retrieving contents from api.bukget.org;-;
2022/07/09;17:33:36:0468;Fine;language;Translation not found, adding. Original:General;-;
2022/07/09;17:33:36:0470;Fine;fxml - language;Saved XML element: text - Value: General;-;
2022/07/09;17:33:36:0470;Fine;language;Added to language file. Returning original value;-;
2022/07/09;17:33:36:0471;Fine;language;Translation not found, adding. Original:Clear;-;
2022/07/09;17:33:36:0476;Fine;fxml - language;Saved XML element: text - Value: Clear;-;
2022/07/09;17:33:36:0476;Fine;language;Added to language file. Returning original value;-;
2022/07/09;17:33:36:0476;Fine;language;Translation not found, adding. Original:Say (Ctrl+S);-;
2022/07/09;17:33:36:0482;Fine;fxml - language;Saved XML element: text - Value: Say+(Ctrl%2bS);-;
2022/07/09;17:33:36:0482;Fine;language;Added to language file. Returning original value;-;
2022/07/09;17:33:36:0482;Fine;language;Translation not found, adding. Original:Name;-;
2022/07/09;17:33:36:0486;Fine;fxml - language;Saved XML element: text - Value: Name;-;
2022/07/09;17:33:36:0486;Fine;language;Added to language file. Returning original value;-;
2022/07/09;17:33:36:0494;Fine;language;Translation not found, adding. Original:Op;-;
2022/07/09;17:33:36:0495;Fine;fxml - language;Saved XML element: text - Value: Op;-;
2022/07/09;17:33:36:0495;Fine;language;Added to language file. Returning original value;-;
2022/07/09;17:33:36:0495;Fine;language;Translation not found, adding. Original:De-op;-;
2022/07/09;17:33:36:0495;Fine;fxml - language;Saved XML element: text - Value: De-op;-;
2022/07/09;17:33:36:0495;Fine;language;Added to language file. Returning original value;-;
2022/07/09;17:33:36:0496;Fine;language;Translation not found, adding. Original:Kick;-;
2022/07/09;17:33:36:0500;Fine;fxml - language;Saved XML element: text - Value: Kick;-;
2022/07/09;17:33:36:0500;Fine;language;Added to language file. Returning original value;-;
2022/07/09;17:33:36:0501;Fine;language;Translation not found, adding. Original:Ban;-;
2022/07/09;17:33:36:0504;Fine;fxml - language;Saved XML element: text - Value: Ban;-;
2022/07/09;17:33:36:0505;Fine;language;Added to language file. Returning original value;-;
2022/07/09;17:33:36:0510;Fine;language;Translation not found, adding. Original:Gamemode;-;
2022/07/09;17:33:36:0510;Fine;fxml - language;Saved XML element: text - Value: Gamemode;-;
2022/07/09;17:33:36:0510;Fine;language;Added to language file. Returning original value;-;
2022/07/09;17:33:36:0510;Fine;language;Translation not found, adding. Original:Survival;-;
2022/07/09;17:33:36:0511;Fine;fxml - language;Saved XML element: text - Value: Survival;-;
2022/07/09;17:33:36:0511;Fine;language;Added to language file. Returning original value;-;
2022/07/09;17:33:36:0511;Fine;language;Translation not found, adding. Original:Creative;-;
2022/07/09;17:33:36:0511;Fine;fxml - language;Saved XML element: text - Value: Creative;-;
2022/07/09;17:33:36:0511;Fine;language;Added to language file. Returning original value;-;
2022/07/09;17:33:36:0512;Fine;language;Translation not found, adding. Original:Adventure;-;
2022/07/09;17:33:36:0516;Fine;fxml - language;Saved XML element: text - Value: Adventure;-;
2022/07/09;17:33:36:0516;Fine;language;Added to language file. Returning original value;-;
2022/07/09;17:33:36:0517;Fine;language;Translation not found, adding. Original:Give...;-;
2022/07/09;17:33:36:0521;Fine;fxml - language;Saved XML element: text - Value: Give...;-;
2022/07/09;17:33:36:0521;Fine;language;Added to language file. Returning original value;-;
2022/07/09;17:33:36:0522;Fine;language;Translation not found, adding. Original:Refresh list;-;
2022/07/09;17:33:36:0526;Fine;fxml - language;Saved XML element: text - Value: Refresh+list;-;
2022/07/09;17:33:36:0526;Fine;language;Added to language file. Returning original value;-;
2022/07/09;17:33:36:0533;Warning;AdvancedWebClient;Could not download data from http://api.bukget.org/3/plugins?fields=slug,plugin_name,description,versions.version,versions.game_versions,main&sort=-popularity.weekly&start=0&size=20 : WebException/Unknown : The remote name could not be resolved: 'api.bukget.org';-;
2022/07/09;17:33:36:0533;Fine;BukGetAPI;Starting parse of plugin list...;-;
2022/07/09;17:33:36:0533;Warning;BukGetAPI;No elements in list, cannot parse plugin list;-;
2022/07/09;17:33:36:0533;Fine;BukGetAPI;All plugins loaded;-;
2022/07/09;17:33:36:0541;Fine;language;Translation not found, adding. Original:Browse output;-;
2022/07/09;17:33:36:0542;Fine;fxml - language;Saved XML element: text - Value: Browse+output;-;
2022/07/09;17:33:36:0542;Fine;language;Added to language file. Returning original value;-;
2022/07/09;17:33:36:0542;Fine;language;Translation not found, adding. Original:;-;
2022/07/09;17:33:36:0547;Fine;fxml - language;Saved XML element: text - Value: ;-;
2022/07/09;17:33:36:0547;Fine;language;Added to language file. Returning original value;-;
2022/07/09;17:33:36:0547;Fine;language;Translation not found, adding. Original:Send;-;
2022/07/09;17:33:36:0547;Fine;fxml - language;Saved XML element: text - Value: Send;-;
2022/07/09;17:33:36:0547;Fine;language;Added to language file. Returning original value;-;
2022/07/09;17:33:36:0551;Fine;language;Translation not found, adding. Original:Info;-;
2022/07/09;17:33:36:0553;Fine;fxml - language;Saved XML element: text - Value: Info;-;
2022/07/09;17:33:36:0553;Fine;language;Added to language file. Returning original value;-;
2022/07/09;17:33:36:0553;Fine;language;Translation not found, adding. Original:00:00:00;-;
2022/07/09;17:33:36:0558;Fine;fxml - language;Saved XML element: text - Value: 00%3a00%3a00;-;
2022/07/09;17:33:36:0558;Fine;language;Added to language file. Returning original value;-;
2022/07/09;17:33:36:0560;Fine;language;Translation not found, adding. Original:GUI CPU Usage:;-;
2022/07/09;17:33:36:0563;Fine;fxml - language;Saved XML element: text - Value: GUI+CPU+Usage%3a;-;
2022/07/09;17:33:36:0563;Fine;language;Added to language file. Returning original value;-;
2022/07/09;17:33:36:0563;Fine;language;Translation not found, adding. Original:000% [0000MB];-;
2022/07/09;17:33:36:0568;Fine;fxml - language;Saved XML element: text - Value: 000%25+%5b0000MB%5d;-;
2022/07/09;17:33:36:0568;Fine;language;Added to language file. Returning original value;-;
2022/07/09;17:33:36:0571;Fine;language;Translation not found, adding. Original:Server CPU Usage:;-;
2022/07/09;17:33:36:0573;Fine;fxml - language;Saved XML element: text - Value: Server+CPU+Usage%3a;-;
2022/07/09;17:33:36:0573;Fine;language;Added to language file. Returning original value;-;
2022/07/09;17:33:36:0574;Fine;language;Translation not found, adding. Original:Total RAM Usage:;-;
2022/07/09;17:33:36:0574;Fine;fxml - language;Saved XML element: text - Value: Total+RAM+Usage%3a;-;
2022/07/09;17:33:36:0574;Fine;language;Added to language file. Returning original value;-;
2022/07/09;17:33:36:0574;Fine;language;Translation not found, adding. Original:Total CPU Usage:;-;
2022/07/09;17:33:36:0574;Fine;fxml - language;Saved XML element: text - Value: Total+CPU+Usage%3a;-;
2022/07/09;17:33:36:0574;Fine;language;Added to language file. Returning original value;-;
2022/07/09;17:33:36:0574;Fine;language;Translation not found, adding. Original:Server RAM Usage:;-;
2022/07/09;17:33:36:0575;Fine;fxml - language;Saved XML element: text - Value: Server+RAM+Usage%3a;-;
2022/07/09;17:33:36:0575;Fine;language;Added to language file. Returning original value;-;
2022/07/09;17:33:36:0575;Fine;language;Translation not found, adding. Original:00%;-;
2022/07/09;17:33:36:0575;Fine;fxml - language;Saved XML element: text - Value: 00%25;-;
2022/07/09;17:33:36:0575;Fine;language;Added to language file. Returning original value;-;
2022/07/09;17:33:36:0575;Fine;language;Translation not found, adding. Original:GUI RAM Usage:;-;
2022/07/09;17:33:36:0580;Fine;fxml - language;Saved XML element: text - Value: GUI+RAM+Usage%3a;-;
2022/07/09;17:33:36:0580;Fine;language;Added to language file. Returning original value;-;
2022/07/09;17:33:36:0581;Fine;language;Translation not found, adding. Original:Time since start:;-;
2022/07/09;17:33:36:0586;Fine;fxml - language;Saved XML element: text - Value: Time+since+start%3a;-;
2022/07/09;17:33:36:0586;Fine;language;Added to language file. Returning original value;-;
2022/07/09;17:33:36:0587;Fine;language;Translation not found, adding. Original:Kill;-;
2022/07/09;17:33:36:0592;Fine;fxml - language;Saved XML element: text - Value: Kill;-;
2022/07/09;17:33:36:0592;Fine;language;Added to language file. Returning original value;-;
2022/07/09;17:33:36:0592;Fine;language;Translation not found, adding. Original:Reload;-;
2022/07/09;17:33:36:0593;Fine;fxml - language;Saved XML element: text - Value: Reload;-;
2022/07/09;17:33:36:0593;Fine;language;Added to language file. Returning original value;-;
2022/07/09;17:33:36:0593;Fine;language;Translation not found, adding. Original:Restart;-;
2022/07/09;17:33:36:0593;Fine;fxml - language;Saved XML element: text - Value: Restart;-;
2022/07/09;17:33:36:0593;Fine;language;Added to language file. Returning original value;-;
2022/07/09;17:33:36:0593;Fine;language;Translation not found, adding. Original:Start;-;
2022/07/09;17:33:36:0594;Fine;fxml - language;Saved XML element: text - Value: Start;-;
2022/07/09;17:33:36:0594;Fine;language;Added to language file. Returning original value;-;
2022/07/09;17:33:36:0594;Fine;language;Translation not found, adding. Original:Players;-;
2022/07/09;17:33:36:0602;Fine;fxml - language;Saved XML element: text - Value: Players;-;
2022/07/09;17:33:36:0602;Fine;language;Added to language file. Returning original value;-;
2022/07/09;17:33:36:0602;Fine;language;Translation not found, adding. Original:View:;-;
2022/07/09;17:33:36:0602;Fine;fxml - language;Saved XML element: text - Value: View%3a;-;
2022/07/09;17:33:36:0602;Fine;language;Added to language file. Returning original value;-;
2022/07/09;17:33:36:0603;Fine;language;Translation not found, adding. Original:IP;-;
2022/07/09;17:33:36:0608;Fine;fxml - language;Saved XML element: text - Value: IP;-;
2022/07/09;17:33:36:0608;Fine;language;Added to language file. Returning original value;-;
2022/07/09;17:33:36:0608;Fine;language;Translation not found, adding. Original:Location;-;
2022/07/09;17:33:36:0608;Fine;fxml - language;Saved XML element: text - Value: Location;-;
2022/07/09;17:33:36:0608;Fine;language;Added to language file. Returning original value;-;
2022/07/09;17:33:36:0608;Fine;language;Translation not found, adding. Original:Time Joined;-;
2022/07/09;17:33:36:0616;Fine;fxml - language;Saved XML element: text - Value: Time+Joined;-;
2022/07/09;17:33:36:0616;Fine;language;Added to language file. Returning original value;-;
2022/07/09;17:33:36:0616;Fine;language;Translation not found, adding. Original:Whitelisted;-;
2022/07/09;17:33:36:0616;Fine;fxml - language;Saved XML element: text - Value: Whitelisted;-;
2022/07/09;17:33:36:0616;Fine;language;Added to language file. Returning original value;-;
2022/07/09;17:33:36:0616;Fine;language;Translation not found, adding. Original:OP;-;
2022/07/09;17:33:36:0617;Fine;fxml - language;Saved XML element: text - Value: OP;-;
2022/07/09;17:33:36:0617;Fine;language;Added to language file. Returning original value;-;
2022/07/09;17:33:36:0618;Fine;language;Translation not found, adding. Original:SuperStart;-;
2022/07/09;17:33:36:0623;Fine;fxml - language;Saved XML element: text - Value: SuperStart;-;
2022/07/09;17:33:36:0623;Fine;language;Added to language file. Returning original value;-;
2022/07/09;17:33:36:0623;Fine;language;Translation not found, adding. Original:Set-up port forwarding... (experimental);-;
2022/07/09;17:33:36:0624;Fine;fxml - language;Saved XML element: text - Value: Set-up+port+forwarding...+(experimental);-;
2022/07/09;17:33:36:0624;Fine;language;Added to language file. Returning original value;-;
2022/07/09;17:33:36:0624;Fine;language;Translation not found, adding. Original:Launch Server;-;
2022/07/09;17:33:36:0624;Fine;fxml - language;Saved XML element: text - Value: Launch+Server;-;
2022/07/09;17:33:36:0624;Fine;language;Added to language file. Returning original value;-;
2022/07/09;17:33:36:0627;Fine;language;Translation not found, adding. Original:Maintainance;-;
2022/07/09;17:33:36:0631;Fine;fxml - language;Saved XML element: text - Value: Maintainance;-;
2022/07/09;17:33:36:0631;Fine;language;Added to language file. Returning original value;-;
2022/07/09;17:33:36:0631;Fine;language;Translation not found, adding. Original:Download #;-;
2022/07/09;17:33:36:0632;Fine;fxml - language;Saved XML element: text - Value: Download+%23;-;
2022/07/09;17:33:36:0632;Fine;language;Added to language file. Returning original value;-;
2022/07/09;17:33:36:0632;Fine;language;Translation not found, adding. Original:Auto-update when an update is available;-;
2022/07/09;17:33:36:0638;Fine;fxml - language;Saved XML element: text - Value: Auto-update+when+an+update+is+available;-;
2022/07/09;17:33:36:0638;Fine;language;Added to language file. Returning original value;-;
2022/07/09;17:33:36:0639;Fine;language;Translation not found, adding. Original:Get current version #;-;
2022/07/09;17:33:36:0646;Fine;fxml - language;Saved XML element: text - Value: Get+current+version+%23;-;
2022/07/09;17:33:36:0646;Fine;language;Added to language file. Returning original value;-;
2022/07/09;17:33:36:0646;Fine;language;Translation not found, adding. Original:Retrieve the current version on server start;-;
2022/07/09;17:33:36:0652;Fine;fxml - language;Saved XML element: text - Value: Retrieve+the+current+version+on+server+start;-;
2022/07/09;17:33:36:0652;Fine;language;Added to language file. Returning original value;-;
2022/07/09;17:33:36:0653;Fine;language;Translation not found, adding. Original:Notify me when a server update is available;-;
2022/07/09;17:33:36:0659;Fine;fxml - language;Saved XML element: text - Value: Notify+me+when+a+server+update+is+available;-;
2022/07/09;17:33:36:0659;Fine;language;Added to language file. Returning original value;-;
2022/07/09;17:33:36:0659;Fine;language;Translation not found, adding. Original:Site:;-;
2022/07/09;17:33:36:0665;Fine;fxml - language;Saved XML element: text - Value: Site%3a;-;
2022/07/09;17:33:36:0665;Fine;language;Added to language file. Returning original value;-;
2022/07/09;17:33:36:0666;Fine;language;Translation not found, adding. Original:Latest dev:;-;
2022/07/09;17:33:36:0671;Fine;fxml - language;Saved XML element: text - Value: Latest+dev%3a;-;
2022/07/09;17:33:36:0671;Fine;language;Added to language file. Returning original value;-;
2022/07/09;17:33:36:0672;Fine;language;Translation not found, adding. Original:Latest beta:;-;
2022/07/09;17:33:36:0678;Fine;fxml - language;Saved XML element: text - Value: Latest+beta%3a;-;
2022/07/09;17:33:36:0678;Fine;language;Added to language file. Returning original value;-;
2022/07/09;17:33:36:0679;Fine;language;Translation not found, adding. Original:Latest stable:;-;
2022/07/09;17:33:36:0684;Fine;fxml - language;Saved XML element: text - Value: Latest+stable%3a;-;
2022/07/09;17:33:36:0684;Fine;language;Added to language file. Returning original value;-;
2022/07/09;17:33:36:0685;Fine;language;Translation not found, adding. Original:Download;-;
2022/07/09;17:33:36:0692;Fine;fxml - language;Saved XML element: text - Value: Download;-;
2022/07/09;17:33:36:0692;Fine;language;Added to language file. Returning original value;-;
2022/07/09;17:33:36:0693;Fine;language;Translation not found, adding. Original:Download Latest Development Build;-;
2022/07/09;17:33:36:0698;Fine;fxml - language;Saved XML element: text - Value: Download+Latest+Development+Build;-;
2022/07/09;17:33:36:0698;Fine;language;Added to language file. Returning original value;-;
2022/07/09;17:33:36:0699;Fine;language;Translation not found, adding. Original:Download Latest Beta Build;-;
2022/07/09;17:33:36:0705;Fine;fxml - language;Saved XML element: text - Value: Download+Latest+Beta+Build;-;
2022/07/09;17:33:36:0705;Fine;language;Added to language file. Returning original value;-;
2022/07/09;17:33:36:0706;Fine;language;Translation not found, adding. Original:Download Latest Recommended Build;-;
2022/07/09;17:33:36:0711;Fine;fxml - language;Saved XML element: text - Value: Download+Latest+Recommended+Build;-;
2022/07/09;17:33:36:0711;Fine;language;Added to language file. Returning original value;-;
2022/07/09;17:33:36:0713;Fine;language;Translation not found, adding. Original:Remote Server;-;
2022/07/09;17:33:36:0717;Fine;fxml - language;Saved XML element: text - Value: Remote+Server;-;
2022/07/09;17:33:36:0717;Fine;language;Added to language file. Returning original value;-;
2022/07/09;17:33:36:0728;Fine;language;Translation not found, adding. Original:salt:;-;
2022/07/09;17:33:36:0729;Fine;fxml - language;Saved XML element: text - Value: salt%3a;-;
2022/07/09;17:33:36:0729;Fine;language;Added to language file. Returning original value;-;
2022/07/09;17:33:36:0729;Fine;language;Translation not found, adding. Original:port:;-;
2022/07/09;17:33:36:0730;Fine;fxml - language;Saved XML element: text - Value: port%3a;-;
2022/07/09;17:33:36:0730;Fine;language;Added to language file. Returning original value;-;
2022/07/09;17:33:36:0730;Fine;language;Translation not found, adding. Original:password:;-;
2022/07/09;17:33:36:0736;Fine;fxml - language;Saved XML element: text - Value: password%3a;-;
2022/07/09;17:33:36:0736;Fine;language;Added to language file. Returning original value;-;
2022/07/09;17:33:36:0736;Fine;language;Translation not found, adding. Original:username:;-;
2022/07/09;17:33:36:0742;Fine;fxml - language;Saved XML element: text - Value: username%3a;-;
2022/07/09;17:33:36:0742;Fine;language;Added to language file. Returning original value;-;
2022/07/09;17:33:36:0742;Fine;language;Translation not found, adding. Original:host:;-;
2022/07/09;17:33:36:0748;Fine;fxml - language;Saved XML element: text - Value: host%3a;-;
2022/07/09;17:33:36:0748;Fine;language;Added to language file. Returning original value;-;
2022/07/09;17:33:36:0750;Fine;language;Translation not found, adding. Original:Java Server;-;
2022/07/09;17:33:36:0754;Fine;fxml - language;Saved XML element: text - Value: Java+Server;-;
2022/07/09;17:33:36:0754;Fine;language;Added to language file. Returning original value;-;
2022/07/09;17:33:36:0755;Fine;language;Translation not found, adding. Original:Custom switches:;-;
2022/07/09;17:33:36:0761;Fine;fxml - language;Saved XML element: text - Value: Custom+switches%3a;-;
2022/07/09;17:33:36:0761;Fine;language;Added to language file. Returning original value;-;
2022/07/09;17:33:36:0761;Fine;language;Translation not found, adding. Original:...;-;
2022/07/09;17:33:36:0768;Fine;fxml - language;Saved XML element: text - Value: ...;-;
2022/07/09;17:33:36:0768;Fine;language;Added to language file. Returning original value;-;
2022/07/09;17:33:36:0769;Fine;language;Translation not found, adding. Original:Custom arguments:;-;
2022/07/09;17:33:36:0775;Fine;fxml - language;Saved XML element: text - Value: Custom+arguments%3a;-;
2022/07/09;17:33:36:0776;Fine;language;Added to language file. Returning original value;-;
2022/07/09;17:33:36:0776;Fine;language;Translation not found, adding. Original:JAR file:;-;
2022/07/09;17:33:36:0783;Fine;fxml - language;Saved XML element: text - Value: JAR+file%3a;-;
2022/07/09;17:33:36:0783;Fine;language;Added to language file. Returning original value;-;
2022/07/09;17:33:36:0784;Fine;language;Translation not found, adding. Original:Max. RAM:;-;
2022/07/09;17:33:36:0784;Fine;fxml - language;Saved XML element: text - Value: Max.+RAM%3a;-;
2022/07/09;17:33:36:0784;Fine;language;Added to language file. Returning original value;-;
2022/07/09;17:33:36:0785;Fine;language;Translation not found, adding. Original:Min. RAM:;-;
2022/07/09;17:33:36:0795;Fine;fxml - language;Saved XML element: text - Value: Min.+RAM%3a;-;
2022/07/09;17:33:36:0795;Fine;language;Added to language file. Returning original value;-;
2022/07/09;17:33:36:0795;Fine;language;Translation not found, adding. Original:Java Version:;-;
2022/07/09;17:33:36:0805;Fine;fxml - language;Saved XML element: text - Value: Java+Version%3a;-;
2022/07/09;17:33:36:0805;Fine;language;Added to language file. Returning original value;-;
2022/07/09;17:33:36:0806;Fine;language;Translation not found, adding. Original:Server Type:;-;
2022/07/09;17:33:36:0814;Fine;fxml - language;Saved XML element: text - Value: Server+Type%3a;-;
2022/07/09;17:33:36:0814;Fine;language;Added to language file. Returning original value;-;
2022/07/09;17:33:36:0817;Fine;language;Translation not found, adding. Original:Error Logging;-;
2022/07/09;17:33:36:0824;Fine;fxml - language;Saved XML element: text - Value: Error+Logging;-;
2022/07/09;17:33:36:0824;Fine;language;Added to language file. Returning original value;-;
2022/07/09;17:33:36:0824;Fine;language;Translation not found, adding. Original:Copy;-;
2022/07/09;17:33:36:0833;Fine;fxml - language;Saved XML element: text - Value: Copy;-;
2022/07/09;17:33:36:0833;Fine;language;Added to language file. Returning original value;-;
2022/07/09;17:33:36:0834;Fine;language;Translation not found, adding. Original:Hide stacktraces from server output;-;
2022/07/09;17:33:36:0842;Fine;fxml - language;Saved XML element: text - Value: Hide+stacktraces+from+server+output;-;
2022/07/09;17:33:36:0842;Fine;language;Added to language file. Returning original value;-;
2022/07/09;17:33:36:0842;Fine;language;Translation not found, adding. Original:Hide errors from server output;-;
2022/07/09;17:33:36:0843;Fine;fxml - language;Saved XML element: text - Value: Hide+errors+from+server+output;-;
2022/07/09;17:33:36:0843;Fine;language;Added to language file. Returning original value;-;
2022/07/09;17:33:36:0843;Fine;language;Translation not found, adding. Original:Hide warnings from server output;-;
2022/07/09;17:33:36:0859;Fine;fxml - language;Saved XML element: text - Value: Hide+warnings+from+server+output;-;
2022/07/09;17:33:36:0859;Fine;language;Added to language file. Returning original value;-;
2022/07/09;17:33:36:0859;Fine;language;Translation not found, adding. Original:Details...;-;
2022/07/09;17:33:36:0863;Fine;fxml - language;Saved XML element: text - Value: Details...;-;
2022/07/09;17:33:36:0863;Fine;language;Added to language file. Returning original value;-;
2022/07/09;17:33:36:0865;Fine;language;Translation not found, adding. Original:ID;-;
2022/07/09;17:33:36:0873;Fine;fxml - language;Saved XML element: text - Value: ID;-;
2022/07/09;17:33:36:0873;Fine;language;Added to language file. Returning original value;-;
2022/07/09;17:33:36:0873;Fine;language;Translation not found, adding. Original:Type;-;
2022/07/09;17:33:36:0873;Fine;fxml - language;Saved XML element: text - Value: Type;-;
2022/07/09;17:33:36:0874;Fine;language;Added to language file. Returning original value;-;
2022/07/09;17:33:36:0874;Fine;language;Translation not found, adding. Original:Time;-;
2022/07/09;17:33:36:0874;Fine;fxml - language;Saved XML element: text - Value: Time;-;
2022/07/09;17:33:36:0874;Fine;language;Added to language file. Returning original value;-;
2022/07/09;17:33:36:0874;Fine;language;Translation not found, adding. Original:Text;-;
2022/07/09;17:33:36:0875;Fine;fxml - language;Saved XML element: text - Value: Text;-;
2022/07/09;17:33:36:0875;Fine;language;Added to language file. Returning original value;-;
2022/07/09;17:33:36:0886;Fine;language;Translation not found, adding. Original:Task manager;-;
2022/07/09;17:33:36:0887;Fine;fxml - language;Saved XML element: text - Value: Task+manager;-;
2022/07/09;17:33:36:0887;Fine;language;Added to language file. Returning original value;-;
2022/07/09;17:33:36:0887;Fine;language;Translation not found, adding. Original:Test;-;
2022/07/09;17:33:36:0894;Fine;fxml - language;Saved XML element: text - Value: Test;-;
2022/07/09;17:33:36:0894;Fine;language;Added to language file. Returning original value;-;
2022/07/09;17:33:36:0895;Fine;language;Translation not found, adding. Original:Import...;-;
2022/07/09;17:33:36:0902;Fine;fxml - language;Saved XML element: text - Value: Import...;-;
2022/07/09;17:33:36:0902;Fine;language;Added to language file. Returning original value;-;
2022/07/09;17:33:36:0903;Fine;language;Translation not found, adding. Original:Export...;-;
2022/07/09;17:33:36:0910;Fine;fxml - language;Saved XML element: text - Value: Export...;-;
2022/07/09;17:33:36:0910;Fine;language;Added to language file. Returning original value;-;
2022/07/09;17:33:36:0911;Fine;language;Translation not found, adding. Original:Add...;-;
2022/07/09;17:33:36:0918;Fine;fxml - language;Saved XML element: text - Value: Add...;-;
2022/07/09;17:33:36:0918;Fine;language;Added to language file. Returning original value;-;
2022/07/09;17:33:36:0919;Fine;language;Translation not found, adding. Original:Edit...;-;
2022/07/09;17:33:36:0926;Fine;fxml - language;Saved XML element: text - Value: Edit...;-;
2022/07/09;17:33:36:0926;Fine;language;Added to language file. Returning original value;-;
2022/07/09;17:33:36:0927;Fine;language;Translation not found, adding. Original:Trigger Type;-;
2022/07/09;17:33:36:0936;Fine;fxml - language;Saved XML element: text - Value: Trigger+Type;-;
2022/07/09;17:33:36:0936;Fine;language;Added to language file. Returning original value;-;
2022/07/09;17:33:36:0936;Fine;language;Translation not found, adding. Original:Trigger Parameters;-;
2022/07/09;17:33:36:0936;Fine;fxml - language;Saved XML element: text - Value: Trigger+Parameters;-;
2022/07/09;17:33:36:0936;Fine;language;Added to language file. Returning original value;-;
2022/07/09;17:33:36:0936;Fine;language;Translation not found, adding. Original:Action type;-;
2022/07/09;17:33:36:0943;Fine;fxml - language;Saved XML element: text - Value: Action+type;-;
2022/07/09;17:33:36:0943;Fine;language;Added to language file. Returning original value;-;
2022/07/09;17:33:36:0944;Fine;language;Translation not found, adding. Original:Action parameters;-;
2022/07/09;17:33:36:0944;Fine;fxml - language;Saved XML element: text - Value: Action+parameters;-;
2022/07/09;17:33:36:0944;Fine;language;Added to language file. Returning original value;-;
2022/07/09;17:33:36:0945;Fine;language;Translation not found, adding. Original:Enabled;-;
2022/07/09;17:33:36:0946;Fine;fxml - language;Saved XML element: text - Value: Enabled;-;
2022/07/09;17:33:36:0946;Fine;language;Added to language file. Returning original value;-;
2022/07/09;17:33:36:0946;Fine;language;Translation not found, adding. Original:Remove;-;
2022/07/09;17:33:36:0953;Fine;fxml - language;Saved XML element: text - Value: Remove;-;
2022/07/09;17:33:36:0953;Fine;language;Added to language file. Returning original value;-;
2022/07/09;17:33:36:0953;Fine;language;Translation not found, adding. Original:Plugins;-;
2022/07/09;17:33:36:0960;Fine;fxml - language;Saved XML element: text - Value: Plugins;-;
2022/07/09;17:33:36:0960;Fine;language;Added to language file. Returning original value;-;
2022/07/09;17:33:36:0963;Fine;language;Translation not found, adding. Original:Install Plugins;-;
2022/07/09;17:33:36:0970;Fine;fxml - language;Saved XML element: text - Value: Install+Plugins;-;
2022/07/09;17:33:36:0970;Fine;language;Added to language file. Returning original value;-;
2022/07/09;17:33:36:0971;Fine;language;Translation not found, adding. Original:Loading...;-;
2022/07/09;17:33:36:0978;Fine;fxml - language;Saved XML element: text - Value: Loading...;-;
2022/07/09;17:33:36:0978;Fine;language;Added to language file. Returning original value;-;
2022/07/09;17:33:36:0978;Fine;language;Translation not found, adding. Original:Search!;-;
2022/07/09;17:33:36:0984;Fine;fxml - language;Saved XML element: text - Value: Search!;-;
2022/07/09;17:33:36:0984;Fine;language;Added to language file. Returning original value;-;
2022/07/09;17:33:36:0985;Fine;language;Translation not found, adding. Original:Right click for options, double click for details.;-;
2022/07/09;17:33:36:0991;Fine;fxml - language;Saved XML element: text - Value: Right+click+for+options%2c+double+click+for+details.;-;
2022/07/09;17:33:36:0991;Fine;language;Added to language file. Returning original value;-;
2022/07/09;17:33:36:0991;Fine;language;Translation not found, adding. Original:or browse a category:;-;
2022/07/09;17:33:37:0001;Fine;fxml - language;Saved XML element: text - Value: or+browse+a+category%3a;-;
2022/07/09;17:33:37:0001;Fine;language;Added to language file. Returning original value;-;
2022/07/09;17:33:37:0002;Fine;language;Translation not found, adding. Original:Search:;-;
2022/07/09;17:33:37:0009;Fine;fxml - language;Saved XML element: text - Value: Search%3a;-;
2022/07/09;17:33:37:0009;Fine;language;Added to language file. Returning original value;-;
2022/07/09;17:33:37:0010;Fine;language;Translation not found, adding. Original:Description;-;
2022/07/09;17:33:37:0015;Fine;fxml - language;Saved XML element: text - Value: Description;-;
2022/07/09;17:33:37:0015;Fine;language;Added to language file. Returning original value;-;
2022/07/09;17:33:37:0016;Fine;language;Translation not found, adding. Original:Version;-;
2022/07/09;17:33:37:0016;Fine;fxml - language;Saved XML element: text - Value: Version;-;
2022/07/09;17:33:37:0016;Fine;language;Added to language file. Returning original value;-;
2022/07/09;17:33:37:0016;Fine;language;Translation not found, adding. Original:Bukkit;-;
2022/07/09;17:33:37:0017;Fine;fxml - language;Saved XML element: text - Value: Bukkit;-;
2022/07/09;17:33:37:0017;Fine;language;Added to language file. Returning original value;-;
2022/07/09;17:33:37:0018;Fine;language;Translation not found, adding. Original:More info;-;
2022/07/09;17:33:37:0025;Fine;fxml - language;Saved XML element: text - Value: More+info;-;
2022/07/09;17:33:37:0025;Fine;language;Added to language file. Returning original value;-;
2022/07/09;17:33:37:0026;Fine;language;Translation not found, adding. Original:Install plugin;-;
2022/07/09;17:33:37:0033;Fine;fxml - language;Saved XML element: text - Value: Install+plugin;-;
2022/07/09;17:33:37:0033;Fine;language;Added to language file. Returning original value;-;
2022/07/09;17:33:37:0034;Fine;language;Translation not found, adding. Original:Go to project page;-;
2022/07/09;17:33:37:0041;Fine;fxml - language;Saved XML element: text - Value: Go+to+project+page;-;
2022/07/09;17:33:37:0041;Fine;language;Added to language file. Returning original value;-;
2022/07/09;17:33:37:0042;Fine;language;Translation not found, adding. Original:Installed Plugins;-;
2022/07/09;17:33:37:0051;Fine;fxml - language;Saved XML element: text - Value: Installed+Plugins;-;
2022/07/09;17:33:37:0051;Fine;language;Added to language file. Returning original value;-;
2022/07/09;17:33:37:0051;Fine;language;Translation not found, adding. Original:Right click for options, double click for details. Ctrl+click or Shift+click to s;-;
2022/07/09;17:33:37:0059;Fine;fxml - language;Saved XML element: text - Value: Right+click+for+options%2c+double+click+for+details.+Ctrl%2bclick+or+Shift%2bclick+to+s;-;
2022/07/09;17:33:37:0059;Fine;language;Added to language file. Returning original value;-;
2022/07/09;17:33:37:0060;Fine;language;Translation not found, adding. Original:Author(s);-;
2022/07/09;17:33:37:0067;Fine;fxml - language;Saved XML element: text - Value: Author(s);-;
2022/07/09;17:33:37:0067;Fine;language;Added to language file. Returning original value;-;
2022/07/09;17:33:37:0067;Fine;language;Translation not found, adding. Original:Updated;-;
2022/07/09;17:33:37:0074;Fine;fxml - language;Saved XML element: text - Value: Updated;-;
2022/07/09;17:33:37:0074;Fine;language;Added to language file. Returning original value;-;
2022/07/09;17:33:37:0075;Fine;language;Translation not found, adding. Original:View versions;-;
2022/07/09;17:33:37:0085;Fine;fxml - language;Saved XML element: text - Value: View+versions;-;
2022/07/09;17:33:37:0085;Fine;language;Added to language file. Returning original value;-;
2022/07/09;17:33:37:0086;Fine;language;Translation not found, adding. Original:Update;-;
2022/07/09;17:33:37:0095;Fine;fxml - language;Saved XML element: text - Value: Update;-;
2022/07/09;17:33:37:0095;Fine;language;Added to language file. Returning original value;-;
2022/07/09;17:33:37:0096;Fine;language;Translation not found, adding. Original:Project page...;-;
2022/07/09;17:33:37:0104;Fine;fxml - language;Saved XML element: text - Value: Project+page...;-;
2022/07/09;17:33:37:0104;Fine;language;Added to language file. Returning original value;-;
2022/07/09;17:33:37:0105;Fine;language;Translation not found, adding. Original:Open folder...;-;
2022/07/09;17:33:37:0111;Fine;fxml - language;Saved XML element: text - Value: Open+folder...;-;
2022/07/09;17:33:37:0111;Fine;language;Added to language file. Returning original value;-;
2022/07/09;17:33:37:0123;Fine;language;Translation not found, adding. Original:Server options;-;
2022/07/09;17:33:37:0124;Fine;fxml - language;Saved XML element: text - Value: Server+options;-;
2022/07/09;17:33:37:0124;Fine;language;Added to language file. Returning original value;-;
2022/07/09;17:33:37:0124;Fine;language;Translation not found, adding. Original:Right-click to see all available actions;-;
2022/07/09;17:33:37:0131;Fine;fxml - language;Saved XML element: text - Value: Right-click+to+see+all+available+actions;-;
2022/07/09;17:33:37:0131;Fine;language;Added to language file. Returning original value;-;
2022/07/09;17:33:37:0131;Fine;language;Translation not found, adding. Original:Add;-;
2022/07/09;17:33:37:0141;Fine;fxml - language;Saved XML element: text - Value: Add;-;
2022/07/09;17:33:37:0141;Fine;language;Added to language file. Returning original value;-;
2022/07/09;17:33:37:0142;Fine;language;Translation not found, adding. Original:Banned IPs;-;
2022/07/09;17:33:37:0150;Fine;fxml - language;Saved XML element: text - Value: Banned+IPs;-;
2022/07/09;17:33:37:0150;Fine;language;Added to language file. Returning original value;-;
2022/07/09;17:33:37:0151;Fine;language;Translation not found, adding. Original:Refresh;-;
2022/07/09;17:33:37:0157;Fine;fxml - language;Saved XML element: text - Value: Refresh;-;
2022/07/09;17:33:37:0157;Fine;language;Added to language file. Returning original value;-;
2022/07/09;17:33:37:0157;Fine;language;Translation not found, adding. Original:Banned Players;-;
2022/07/09;17:33:37:0165;Fine;fxml - language;Saved XML element: text - Value: Banned+Players;-;
2022/07/09;17:33:37:0165;Fine;language;Added to language file. Returning original value;-;
2022/07/09;17:33:37:0165;Fine;language;Translation not found, adding. Original:OPs;-;
2022/07/09;17:33:37:0172;Fine;fxml - language;Saved XML element: text - Value: OPs;-;
2022/07/09;17:33:37:0172;Fine;language;Added to language file. Returning original value;-;
2022/07/09;17:33:37:0172;Fine;language;Translation not found, adding. Original:Whitelist;-;
2022/07/09;17:33:37:0179;Fine;fxml - language;Saved XML element: text - Value: Whitelist;-;
2022/07/09;17:33:37:0179;Fine;language;Added to language file. Returning original value;-;
2022/07/09;17:33:37:0180;Fine;language;Translation not found, adding. Original:Value;-;
2022/07/09;17:33:37:0186;Fine;fxml - language;Saved XML element: text - Value: Value;-;
2022/07/09;17:33:37:0186;Fine;language;Added to language file. Returning original value;-;
2022/07/09;17:33:37:0190;Fine;language;Translation not found, adding. Original:Backup;-;
2022/07/09;17:33:37:0193;Fine;fxml - language;Saved XML element: text - Value: Backup;-;
2022/07/09;17:33:37:0193;Fine;language;Added to language file. Returning original value;-;
2022/07/09;17:33:37:0194;Fine;language;Translation not found, adding. Original:Execute;-;
2022/07/09;17:33:37:0200;Fine;fxml - language;Saved XML element: text - Value: Execute;-;
2022/07/09;17:33:37:0200;Fine;language;Added to language file. Returning original value;-;
2022/07/09;17:33:37:0201;Fine;language;Translation not found, adding. Original:Folders;-;
2022/07/09;17:33:37:0207;Fine;fxml - language;Saved XML element: text - Value: Folders;-;
2022/07/09;17:33:37:0207;Fine;language;Added to language file. Returning original value;-;
2022/07/09;17:33:37:0208;Fine;language;Translation not found, adding. Original:Destination;-;
2022/07/09;17:33:37:0215;Fine;fxml - language;Saved XML element: text - Value: Destination;-;
2022/07/09;17:33:37:0215;Fine;language;Added to language file. Returning original value;-;
2022/07/09;17:33:37:0215;Fine;language;Translation not found, adding. Original:Compression;-;
2022/07/09;17:33:37:0224;Fine;fxml - language;Saved XML element: text - Value: Compression;-;
2022/07/09;17:33:37:0224;Fine;language;Added to language file. Returning original value;-;
2022/07/09;17:33:37:0225;Fine;language;Translation not found, adding. Original:Options & Info;-;
2022/07/09;17:33:37:0232;Fine;fxml - language;Saved XML element: text - Value: Options+%26+Info;-;
2022/07/09;17:33:37:0232;Fine;language;Added to language file. Returning original value;-;
2022/07/09;17:33:37:0233;Fine;language;Translation not found, adding. Original:Tell us what you think!
Give feedback by clicking here;-;
2022/07/09;17:33:37:0242;Fine;fxml - language;Saved XML element: text - Value: Tell+us+what+you+think!%0d%0aGive+feedback+by+clicking+here;-;
2022/07/09;17:33:37:0242;Fine;language;Added to language file. Returning original value;-;
2022/07/09;17:33:37:0245;Fine;language;Translation not found, adding. Original:Application Settings;-;
2022/07/09;17:33:37:0250;Fine;fxml - language;Saved XML element: text - Value: Application+Settings;-;
2022/07/09;17:33:37:0250;Fine;language;Added to language file. Returning original value;-;
2022/07/09;17:33:37:0250;Fine;language;Translation not found, adding. Original:Run in light mode;-;
2022/07/09;17:33:37:0258;Fine;fxml - language;Saved XML element: text - Value: Run+in+light+mode;-;
2022/07/09;17:33:37:0258;Fine;language;Added to language file. Returning original value;-;
2022/07/09;17:33:37:0258;Fine;language;Translation not found, adding. Original:Run GUI when windows starts;-;
2022/07/09;17:33:37:0265;Fine;fxml - language;Saved XML element: text - Value: Run+GUI+when+windows+starts;-;
2022/07/09;17:33:37:0265;Fine;language;Added to language file. Returning original value;-;
2022/07/09;17:33:37:0265;Fine;language;Translation not found, adding. Original:Reset all settings;-;
2022/07/09;17:33:37:0272;Fine;fxml - language;Saved XML element: text - Value: Reset+all+settings;-;
2022/07/09;17:33:37:0272;Fine;language;Added to language file. Returning original value;-;
2022/07/09;17:33:37:0272;Fine;language;Translation not found, adding. Original:Check for updates on startup;-;
2022/07/09;17:33:37:0273;Fine;fxml - language;Saved XML element: text - Value: Check+for+updates+on+startup;-;
2022/07/09;17:33:37:0273;Fine;language;Added to language file. Returning original value;-;
2022/07/09;17:33:37:0273;Fine;language;Translation not found, adding. Original:You might need to restart the GUI, in order for 
these settings to take full eff;-;
2022/07/09;17:33:37:0280;Fine;fxml - language;Saved XML element: text - Value: You+might+need+to+restart+the+GUI%2c+in+order+for+%0d%0athese+settings+to+take+full+eff;-;
2022/07/09;17:33:37:0280;Fine;language;Added to language file. Returning original value;-;
2022/07/09;17:33:37:0280;Fine;language;Translation not found, adding. Original:Tabpages:;-;
2022/07/09;17:33:37:0288;Fine;fxml - language;Saved XML element: text - Value: Tabpages%3a;-;
2022/07/09;17:33:37:0288;Fine;language;Added to language file. Returning original value;-;
2022/07/09;17:33:37:0288;Fine;language;Translation not found, adding. Original:Show server options tab;-;
2022/07/09;17:33:37:0295;Fine;fxml - language;Saved XML element: text - Value: Show+server+options+tab;-;
2022/07/09;17:33:37:0295;Fine;language;Added to language file. Returning original value;-;
2022/07/09;17:33:37:0295;Fine;language;Translation not found, adding. Original:Show plugins tab;-;
2022/07/09;17:33:37:0303;Fine;fxml - language;Saved XML element: text - Value: Show+plugins+tab;-;
2022/07/09;17:33:37:0303;Fine;language;Added to language file. Returning original value;-;
2022/07/09;17:33:37:0303;Fine;language;Translation not found, adding. Original:Show task manager tab;-;
2022/07/09;17:33:37:0303;Fine;fxml - language;Saved XML element: text - Value: Show+task+manager+tab;-;
2022/07/09;17:33:37:0303;Fine;language;Added to language file. Returning original value;-;
2022/07/09;17:33:37:0304;Fine;language;Translation not found, adding. Original:Show error logging tab;-;
2022/07/09;17:33:37:0310;Fine;fxml - language;Saved XML element: text - Value: Show+error+logging+tab;-;
2022/07/09;17:33:37:0310;Fine;language;Added to language file. Returning original value;-;
2022/07/09;17:33:37:0310;Fine;language;Translation not found, adding. Original:Show players tab;-;
2022/07/09;17:33:37:0320;Fine;fxml - language;Saved XML element: text - Value: Show+players+tab;-;
2022/07/09;17:33:37:0320;Fine;language;Added to language file. Returning original value;-;
2022/07/09;17:33:37:0321;Fine;language;Translation not found, adding. Original:Config location:;-;
2022/07/09;17:33:37:0321;Fine;fxml - language;Saved XML element: text - Value: Config+location%3a;-;
2022/07/09;17:33:37:0321;Fine;language;Added to language file. Returning original value;-;
2022/07/09;17:33:37:0322;Fine;language;Translation not found, adding. Original:Run server when GUI starts;-;
2022/07/09;17:33:37:0329;Fine;fxml - language;Saved XML element: text - Value: Run+server+when+GUI+starts;-;
2022/07/09;17:33:37:0329;Fine;language;Added to language file. Returning original value;-;
2022/07/09;17:33:37:0329;Fine;language;Translation not found, adding. Original:Language:;-;
2022/07/09;17:33:37:0335;Fine;fxml - language;Saved XML element: text - Value: Language%3a;-;
2022/07/09;17:33:37:0335;Fine;language;Added to language file. Returning original value;-;
2022/07/09;17:33:37:0336;Fine;language;Translation not found, adding. Original:Sound settings;-;
2022/07/09;17:33:37:0342;Fine;fxml - language;Saved XML element: text - Value: Sound+settings;-;
2022/07/09;17:33:37:0342;Fine;language;Added to language file. Returning original value;-;
2022/07/09;17:33:37:0342;Fine;language;Translation not found, adding. Original:Play sound on severe message;-;
2022/07/09;17:33:37:0349;Fine;fxml - language;Saved XML element: text - Value: Play+sound+on+severe+message;-;
2022/07/09;17:33:37:0349;Fine;language;Added to language file. Returning original value;-;
2022/07/09;17:33:37:0349;Fine;language;Translation not found, adding. Original:Play sound on warning message;-;
2022/07/09;17:33:37:0356;Fine;fxml - language;Saved XML element: text - Value: Play+sound+on+warning+message;-;
2022/07/09;17:33:37:0356;Fine;language;Added to language file. Returning original value;-;
2022/07/09;17:33:37:0357;Fine;language;Translation not found, adding. Original:Play sound on player leave;-;
2022/07/09;17:33:37:0363;Fine;fxml - language;Saved XML element: text - Value: Play+sound+on+player+leave;-;
2022/07/09;17:33:37:0363;Fine;language;Added to language file. Returning original value;-;
2022/07/09;17:33:37:0363;Fine;language;Translation not found, adding. Original:Play sound on player join;-;
2022/07/09;17:33:37:0369;Fine;fxml - language;Saved XML element: text - Value: Play+sound+on+player+join;-;
2022/07/09;17:33:37:0370;Fine;language;Added to language file. Returning original value;-;
2022/07/09;17:33:37:0370;Fine;language;Translation not found, adding. Original:Tray and sound;-;
2022/07/09;17:33:37:0377;Fine;fxml - language;Saved XML element: text - Value: Tray+and+sound;-;
2022/07/09;17:33:37:0377;Fine;language;Added to language file. Returning original value;-;
2022/07/09;17:33:37:0377;Fine;language;Translation not found, adding. Original:On warning;-;
2022/07/09;17:33:37:0383;Fine;fxml - language;Saved XML element: text - Value: On+warning;-;
2022/07/09;17:33:37:0383;Fine;language;Added to language file. Returning original value;-;
2022/07/09;17:33:37:0383;Fine;language;Translation not found, adding. Original:On player leave;-;
2022/07/09;17:33:37:0389;Fine;fxml - language;Saved XML element: text - Value: On+player+leave;-;
2022/07/09;17:33:37:0389;Fine;language;Added to language file. Returning original value;-;
2022/07/09;17:33:37:0390;Fine;language;Translation not found, adding. Original:On player join;-;
2022/07/09;17:33:37:0396;Fine;fxml - language;Saved XML element: text - Value: On+player+join;-;
2022/07/09;17:33:37:0396;Fine;language;Added to language file. Returning original value;-;
2022/07/09;17:33:37:0396;Fine;language;Translation not found, adding. Original:On severe;-;
2022/07/09;17:33:37:0402;Fine;fxml - language;Saved XML element: text - Value: On+severe;-;
2022/07/09;17:33:37:0402;Fine;language;Added to language file. Returning original value;-;
2022/07/09;17:33:37:0403;Fine;language;Translation not found, adding. Original:Always show balloons;-;
2022/07/09;17:33:37:0409;Fine;fxml - language;Saved XML element: text - Value: Always+show+balloons;-;
2022/07/09;17:33:37:0409;Fine;language;Added to language file. Returning original value;-;
2022/07/09;17:33:37:0410;Fine;language;Translation not found, adding. Original:Minimize to tray;-;
2022/07/09;17:33:37:0417;Fine;fxml - language;Saved XML element: text - Value: Minimize+to+tray;-;
2022/07/09;17:33:37:0418;Fine;language;Added to language file. Returning original value;-;
2022/07/09;17:33:37:0421;Fine;language;Translation not found, adding. Original:Text output;-;
2022/07/09;17:33:37:0425;Fine;fxml - language;Saved XML element: text - Value: Text+output;-;
2022/07/09;17:33:37:0425;Fine;language;Added to language file. Returning original value;-;
2022/07/09;17:33:37:0426;Fine;language;Translation not found, adding. Original:UTF-8 compatibility mode;-;
2022/07/09;17:33:37:0433;Fine;fxml - language;Saved XML element: text - Value: UTF-8+compatibility+mode;-;
2022/07/09;17:33:37:0433;Fine;language;Added to language file. Returning original value;-;
2022/07/09;17:33:37:0433;Fine;language;Translation not found, adding. Original:font preview;-;
2022/07/09;17:33:37:0441;Fine;fxml - language;Saved XML element: text - Value: font+preview;-;
2022/07/09;17:33:37:0441;Fine;language;Added to language file. Returning original value;-;
2022/07/09;17:33:37:0441;Fine;language;Translation not found, adding. Original:Font size:;-;
2022/07/09;17:33:37:0450;Fine;fxml - language;Saved XML element: text - Value: Font+size%3a;-;
2022/07/09;17:33:37:0450;Fine;language;Added to language file. Returning original value;-;
2022/07/09;17:33:37:0450;Fine;language;Translation not found, adding. Original:Font :;-;
2022/07/09;17:33:37:0459;Fine;fxml - language;Saved XML element: text - Value: Font+%3a;-;
2022/07/09;17:33:37:0459;Fine;language;Added to language file. Returning original value;-;
2022/07/09;17:33:37:0461;Fine;language;Translation not found, adding. Original:Font preview:;-;
2022/07/09;17:33:37:0468;Fine;fxml - language;Saved XML element: text - Value: Font+preview%3a;-;
2022/07/09;17:33:37:0468;Fine;language;Added to language file. Returning original value;-;
2022/07/09;17:33:37:0468;Fine;language;Translation not found, adding. Original:Unknown :;-;
2022/07/09;17:33:37:0476;Fine;fxml - language;Saved XML element: text - Value: Unknown+%3a;-;
2022/07/09;17:33:37:0476;Fine;language;Added to language file. Returning original value;-;
2022/07/09;17:33:37:0476;Fine;language;Translation not found, adding. Original:[SEVERE] :;-;
2022/07/09;17:33:37:0485;Fine;fxml - language;Saved XML element: text - Value: %5bSEVERE%5d+%3a;-;
2022/07/09;17:33:37:0485;Fine;language;Added to language file. Returning original value;-;
2022/07/09;17:33:37:0485;Fine;language;Translation not found, adding. Original:[WARNING] :;-;
2022/07/09;17:33:37:0494;Fine;fxml - language;Saved XML element: text - Value: %5bWARNING%5d+%3a;-;
2022/07/09;17:33:37:0494;Fine;language;Added to language file. Returning original value;-;
2022/07/09;17:33:37:0495;Fine;language;Translation not found, adding. Original:Player event :;-;
2022/07/09;17:33:37:0502;Fine;fxml - language;Saved XML element: text - Value: Player+event+%3a;-;
2022/07/09;17:33:37:0502;Fine;language;Added to language file. Returning original value;-;
2022/07/09;17:33:37:0502;Fine;language;Translation not found, adding. Original:[INFO] :;-;
2022/07/09;17:33:37:0510;Fine;fxml - language;Saved XML element: text - Value: %5bINFO%5d+%3a;-;
2022/07/09;17:33:37:0510;Fine;language;Added to language file. Returning original value;-;
2022/07/09;17:33:37:0511;Fine;language;Translation not found, adding. Original:Show date;-;
2022/07/09;17:33:37:0519;Fine;fxml - language;Saved XML element: text - Value: Show+date;-;
2022/07/09;17:33:37:0519;Fine;language;Added to language file. Returning original value;-;
2022/07/09;17:33:37:0519;Fine;language;Translation not found, adding. Original:Show time;-;
2022/07/09;17:33:37:0527;Fine;fxml - language;Saved XML element: text - Value: Show+time;-;
2022/07/09;17:33:37:0527;Fine;language;Added to language file. Returning original value;-;
2022/07/09;17:33:37:0529;Fine;language;Translation not found, adding. Original:Computer Info;-;
2022/07/09;17:33:37:0536;Fine;fxml - language;Saved XML element: text - Value: Computer+Info;-;
2022/07/09;17:33:37:0536;Fine;language;Added to language file. Returning original value;-;
2022/07/09;17:33:37:0537;Fine;language;Translation not found, adding. Original:Ext. IP:;-;
2022/07/09;17:33:37:0545;Fine;fxml - language;Saved XML element: text - Value: Ext.+IP%3a;-;
2022/07/09;17:33:37:0545;Fine;language;Added to language file. Returning original value;-;
2022/07/09;17:33:37:0545;Fine;language;Translation not found, adding. Original:Local IP:;-;
2022/07/09;17:33:37:0554;Fine;fxml - language;Saved XML element: text - Value: Local+IP%3a;-;
2022/07/09;17:33:37:0554;Fine;language;Added to language file. Returning original value;-;
2022/07/09;17:33:37:0554;Fine;language;Translation not found, adding. Original:OS:;-;
2022/07/09;17:33:37:0563;Fine;fxml - language;Saved XML element: text - Value: OS%3a;-;
2022/07/09;17:33:37:0563;Fine;language;Added to language file. Returning original value;-;
2022/07/09;17:33:37:0563;Fine;language;Translation not found, adding. Original:CPU:;-;
2022/07/09;17:33:37:0572;Fine;fxml - language;Saved XML element: text - Value: CPU%3a;-;
2022/07/09;17:33:37:0572;Fine;language;Added to language file. Returning original value;-;
2022/07/09;17:33:37:0573;Fine;language;Translation not found, adding. Original:RAM:;-;
2022/07/09;17:33:37:0581;Fine;fxml - language;Saved XML element: text - Value: RAM%3a;-;
2022/07/09;17:33:37:0581;Fine;language;Added to language file. Returning original value;-;
2022/07/09;17:33:37:0582;Fine;language;Translation not found, adding. Original:Computer Name:;-;
2022/07/09;17:33:37:0590;Fine;fxml - language;Saved XML element: text - Value: Computer+Name%3a;-;
2022/07/09;17:33:37:0590;Fine;language;Added to language file. Returning original value;-;
2022/07/09;17:33:37:0592;Fine;language;Translation not found, adding. Original:About;-;
2022/07/09;17:33:37:0598;Fine;fxml - language;Saved XML element: text - Value: About;-;
2022/07/09;17:33:37:0598;Fine;language;Added to language file. Returning original value;-;
2022/07/09;17:33:37:0598;Fine;language;Translation not found, adding. Original:Web:;-;
2022/07/09;17:33:37:0606;Fine;fxml - language;Saved XML element: text - Value: Web%3a;-;
2022/07/09;17:33:37:0606;Fine;language;Added to language file. Returning original value;-;
2022/07/09;17:33:37:0606;Fine;language;Translation not found, adding. Original:Open Updater;-;
2022/07/09;17:33:37:0616;Fine;fxml - language;Saved XML element: text - Value: Open+Updater;-;
2022/07/09;17:33:37:0616;Fine;language;Added to language file. Returning original value;-;
2022/07/09;17:33:37:0617;Fine;language;Translation not found, adding. Original:Latest version:;-;
2022/07/09;17:33:37:0625;Fine;fxml - language;Saved XML element: text - Value: Latest+version%3a;-;
2022/07/09;17:33:37:0625;Fine;language;Added to language file. Returning original value;-;
2022/07/09;17:33:37:0626;Fine;language;Translation not found, adding. Original:Copyright:;-;
2022/07/09;17:33:37:0634;Fine;fxml - language;Saved XML element: text - Value: Copyright%3a;-;
2022/07/09;17:33:37:0634;Fine;language;Added to language file. Returning original value;-;
2022/07/09;17:33:37:0634;Fine;language;Translation not found, adding. Original:Version:;-;
2022/07/09;17:33:37:0643;Fine;fxml - language;Saved XML element: text - Value: Version%3a;-;
2022/07/09;17:33:37:0643;Fine;language;Added to language file. Returning original value;-;
2022/07/09;17:33:37:0644;Fine;language;Translation not found, adding. Original:Authors:;-;
2022/07/09;17:33:37:0653;Fine;fxml - language;Saved XML element: text - Value: Authors%3a;-;
2022/07/09;17:33:37:0653;Fine;language;Added to language file. Returning original value;-;
2022/07/09;17:33:37:0654;Fine;language;Translation not found, adding. Original:Name:;-;
2022/07/09;17:33:37:0662;Fine;fxml - language;Saved XML element: text - Value: Name%3a;-;
2022/07/09;17:33:37:0662;Fine;language;Added to language file. Returning original value;-;
2022/07/09;17:33:37:0664;Fine;language;Translation not found, adding. Original:BukkitGUI;-;
2022/07/09;17:33:37:0671;Fine;fxml - language;Saved XML element: text - Value: BukkitGUI;-;
2022/07/09;17:33:37:0671;Fine;language;Added to language file. Returning original value;-;
2022/07/09;17:33:37:0715;Fine;language;Translation not found, adding. Original:Exit;-;
2022/07/09;17:33:37:0716;Fine;fxml - language;Saved XML element: text - Value: Exit;-;
2022/07/09;17:33:37:0717;Fine;language;Added to language file. Returning original value;-;
2022/07/09;17:33:37:0717;Fine;language;Translation not found, adding. Original:BukkitGui v2 is available! visit get.bertware.net;-;
2022/07/09;17:33:37:0727;Fine;fxml - language;Saved XML element: text - Value: BukkitGui+v2+is+available!+visit+get.bertware.net;-;
2022/07/09;17:33:37:0727;Fine;language;Added to language file. Returning original value;-;
2022/07/09;17:33:37:0827;Fine;mainform;Starting to load mainform;-;
2022/07/09;17:33:37:0827;Fine;mainform;Mainform window handle saved!;-;
2022/07/09;17:33:37:0850;Fine;mainform;Setting User Interface for server type Bukkit;-;
2022/07/09;17:33:37:0851;Fine;fxml - config;Requested XML element: bukkit_get_version - Value: true;-;
2022/07/09;17:33:37:0853;Fine;fxml - config;Saved XML element: bukkit_get_version - Value: true;-;
2022/07/09;17:33:37:0859;Fine;fxml - config;Requested XML element: jre - Value: 6;-;
2022/07/09;17:33:37:0860;Fine;fxml - config;Requested XML element: server - Value: 0;-;
2022/07/09;17:33:37:0860;Fine;fxml - config;Requested XML element: minram - Value: 128;-;
2022/07/09;17:33:37:0860;Fine;fxml - config;Requested XML element: maxram - Value: 1024;-;
2022/07/09;17:33:37:0861;Fine;fxml - config;Requested XML element: jar - Value: D:\Minecraft Server 1.11.2\craftbukkit-1.11.2.jar;-;
2022/07/09;17:33:37:0863;Fine;language;Translation not found, adding. Original:File doesn't exist!;-;
2022/07/09;17:33:37:0864;Fine;fxml - language;Saved XML element: text - Value: File+doesn't+exist!;-;
2022/07/09;17:33:37:0864;Fine;language;Added to language file. Returning original value;-;
2022/07/09;17:33:37:0864;Fine;fxml - config;Requested XML element: custom_args - Value: ;-;
2022/07/09;17:33:37:0864;Fine;fxml - config;Requested XML element: custom_switch - Value: ;-;
2022/07/09;17:33:37:0864;Fine;fxml - config;Requested XML element: remote_host - Value: ;-;
2022/07/09;17:33:37:0864;Fine;fxml - config;Requested XML element: remote_username - Value: ;-;
2022/07/09;17:33:37:0864;Fine;fxml - config;Requested XML element: remote_port - Value: 20059;-;
2022/07/09;17:33:37:0864;Fine;fxml - config;Requested XML element: remote_password - Value: ********;-;
2022/07/09;17:33:37:0864;Fine;fxml - config;Requested XML element: remote_salt - Value: ********;-;
2022/07/09;17:33:37:0864;Fine;fxml - config;Requested XML element: bukkit_get_version - Value: true;-;
2022/07/09;17:33:37:0865;Fine;fxml - config;Requested XML element: bukkit_auto_update - Value: false;-;
2022/07/09;17:33:37:0866;Fine;mainform;Loading plugin installer items;-;
2022/07/09;17:33:37:0869;Fine;BukGetAPI;Getting categories;-;
2022/07/09;17:33:37:0869;Fine;AdvancedWebClient;Retrieving contents from api.bukget.org;-;
2022/07/09;17:33:38:0362;Warning;AdvancedWebClient;Could not download data from http://api.bukget.org/3/categories/ : WebException/Unknown : The remote name could not be resolved: 'api.bukget.org';-;
2022/07/09;17:33:38:0363;Warning;mainform;Couldn't load plugin categories!;Object reference not set to an instance of an object.;
2022/07/09;17:33:38:0365;Fine;mainform;Loading info items;-;
2022/07/09;17:33:38:0366;Fine;language;Translation not found, adding. Original:Author(s):;-;
2022/07/09;17:33:38:0372;Fine;fxml - language;Saved XML element: text - Value: Author(s)%3a;-;
2022/07/09;17:33:38:0372;Fine;language;Added to language file. Returning original value;-;
2022/07/09;17:33:38:0373;Fine;language;Translation not found, adding. Original:Computer name:;-;
2022/07/09;17:33:38:0379;Fine;fxml - language;Saved XML element: text - Value: Computer+name%3a;-;
2022/07/09;17:33:38:0379;Fine;language;Added to language file. Returning original value;-;
2022/07/09;17:33:38:0522;Fine;AdvancedWebClient;Retrieving contents from geoip.bertware.net;-;
2022/07/09;17:33:38:0522;Fine;fxml - config;Requested XML element: time - Value: 500;-;
2022/07/09;17:33:38:0523;Fine;fxml - config;Requested XML element: join - Value: false;-;
2022/07/09;17:33:38:0523;Fine;fxml - config;Requested XML element: disconnect - Value: false;-;
2022/07/09;17:33:38:0523;Fine;fxml - config;Requested XML element: warning - Value: false;-;
2022/07/09;17:33:38:0523;Fine;fxml - config;Requested XML element: severe - Value: false;-;
2022/07/09;17:33:38:0523;Fine;fxml - config;Requested XML element: always - Value: false;-;
2022/07/09;17:33:38:0523;Fine;fxml - config;Requested XML element: minimize - Value: false;-;
2022/07/09;17:33:38:0527;Fine;fxml - config;Requested XML element: language - Value: D:\Minecraft Server 1.11.2\BukkitGUI\Localization/default.xml;-;
2022/07/09;17:33:38:0535;Fine;fxml - config;Requested XML element: auto_update - Value: true;-;
2022/07/09;17:33:38:0536;Fine;fxml - config;Saved XML element: auto_update - Value: true;-;
2022/07/09;17:33:38:0536;Fine;fxml - config;Requested XML element: enable_tabplayers - Value: true;-;
2022/07/09;17:33:38:0538;Fine;fxml - config;Requested XML element: enable_taberrorlogging - Value: true;-;
2022/07/09;17:33:38:0539;Fine;fxml - config;Requested XML element: enable_tabtaskmanager - Value: true;-;
2022/07/09;17:33:38:0540;Fine;fxml - config;Requested XML element: enable_tabplugins - Value: true;-;
2022/07/09;17:33:38:0541;Fine;fxml - config;Requested XML element: enable_tabserveroptions - Value: true;-;
2022/07/09;17:33:38:0550;Fine;fxml - config;Saved XML element: time - Value: true;-;
2022/07/09;17:33:39:0114;Fine;fxml - config;Requested XML element: font_name - Value: arial;-;
2022/07/09;17:33:39:0114;Fine;fxml - config;Requested XML element: font_size - Value: 9;-;
2022/07/09;17:33:39:0114;Fine;fxml - config;Requested XML element: utf_8_compatibility - Value: false;-;
2022/07/09;17:33:39:0134;Fine;ServerSettings;Reading server settings from D:\Projects\Minecraft Server 1.11.2/server.properties;-;
2022/07/09;17:33:39:0135;Fine;fxml - config;Requested XML element: autostart - Value: false;-;
2022/07/09;17:33:39:0139;Fine;fxml - config;Requested XML element: spamfilter - Value: ;-;
2022/07/09;17:33:39:0139;Fine;fxml - config;Requested XML element: minotar_size - Value: 32;-;
2022/07/09;17:33:39:0139;Fine;fxml - config;Requested XML element: minotar_source - Value: http://minotar.net;-;
2022/07/09;17:33:39:0139;Fine;AdvancedWebClient;Retrieving contents from geoip.bertware.net;-;
2022/07/09;17:33:39:0262;Warning;AdvancedWebClient;Could not download data from http://geoip.bertware.net/me : WebException/Unknown : The remote name could not be resolved: 'geoip.bertware.net';-;
2022/07/09;17:33:39:0652;Warning;AdvancedWebClient;Could not download data from http://geoip.bertware.net/me : WebException/Unknown : The remote name could not be resolved: 'geoip.bertware.net';-;
2022/07/09;17:33:40:0062;Fine;mainform;Adding 0 Items to BukGet Plugin list;thds_SetBukgetPlugins;
2022/07/09;17:33:40:0062;Fine;language;Translation not found, adding. Original:Error while loading plugins. Probably the server could not be reached.;-;
2022/07/09;17:33:40:0062;Fine;fxml - language;Saved XML element: text - Value: Error+while+loading+plugins.+Probably+the+server+could+not+be+reached.;-;
2022/07/09;17:33:40:0063;Fine;language;Added to language file. Returning original value;-;
2022/07/09;17:33:40:0063;Fine;language;Translation not found, adding. Original:You can right click and try refreshing.;-;
2022/07/09;17:33:40:0063;Fine;fxml - language;Saved XML element: text - Value: You+can+right+click+and+try+refreshing.;-;
2022/07/09;17:33:40:0063;Fine;language;Added to language file. Returning original value;-;
2022/07/09;17:33:40:0063;Fine;language;Translation not found, adding. Original:If you selected a category, it's possible that this category is empty.;-;
2022/07/09;17:33:40:0064;Fine;fxml - language;Saved XML element: text - Value: If+you+selected+a+category%2c+it's+possible+that+this+category+is+empty.;-;
2022/07/09;17:33:40:0064;Fine;language;Added to language file. Returning original value;-;
2022/07/09;17:33:40:0064;Fine;mainform;finished to load mainform;-;
2022/07/09;17:33:40:0113;Fine;Splashscreen;Application initialized, Closing splashscreen;-;
2022/07/09;17:33:53:0124;Fine;fxml - config;Saved XML element: jar - Value: D:\Projects\Minecraft Server 1.11.2\craftbukkit-1.11.2.jar;-;
2022/07/09;17:33:57:0441;Fine;Mainform;Starting new server - selected type:Bukkit;-;
2022/07/09;17:33:57:0447;Fine;mainform;Validating settings for server type Bukkit;-;
2022/07/09;17:33:57:0450;Info;mainform;Size of server file: False bytes (0mb);-;
2022/07/09;17:33:57:0450;Info;mainform;Size of server file seems ok;-;
2022/07/09;17:33:57:0450;Fine;mainform;Validated settings, result:True;-;
2022/07/09;17:33:57:0450;Fine;Mainform;Starting new bukkit server...;-;
2022/07/09;17:33:57:0455;Fine;language;Translation not found, adding. Original:Retrieving your current bukkit version...;-;
2022/07/09;17:33:57:0455;Fine;fxml - language;Saved XML element: text - Value: Retrieving+your+current+bukkit+version...;-;
2022/07/09;17:33:57:0455;Fine;language;Added to language file. Returning original value;-;
2022/07/09;17:33:57:0466;Fine;BukkitTools;Determining current bukkit version;-;
2022/07/09;17:33:57:0467;Fine;fxml - config;Requested XML element: alternative_java - Value: C:\Program Files\Java\jre1.8.0_102\bin\java.exe;-;
2022/07/09;17:34:10:0873;Fine;fxml - config;Saved XML element: alternative_java - Value: C:\Program Files\Java\jdk1.8.0_301\bin\java.exe;-;
2022/07/09;17:34:11:0381;Fine;BukkitTools;Current version string : git-Bukkit-f4822eb
;-;
2022/07/09;17:34:11:0384;Fine;BukkitTools;Current version : 0;-;
2022/07/09;17:34:11:0384;Warning;mainform;Could not retrieve current bukkit version;CheckBukkitVersion();
2022/07/09;17:34:11:0384;Fine;language;Translation not found, adding. Original:Your current bukkit version couldn't be determined;-;
2022/07/09;17:34:11:0385;Fine;fxml - language;Saved XML element: text - Value: Your+current+bukkit+version+couldn't+be+determined;-;
2022/07/09;17:34:11:0385;Fine;language;Added to language file. Returning original value;-;
2022/07/09;17:34:11:0400;Fine;language;Translation not found, adding. Original:Starting bukkit server;-;
2022/07/09;17:34:11:0400;Fine;fxml - language;Saved XML element: text - Value: Starting+bukkit+server;-;
2022/07/09;17:34:11:0400;Fine;language;Added to language file. Returning original value;-;
2022/07/09;17:34:11:0400;Fine;language;Translation not found, adding. Original:min. RAM:;-;
2022/07/09;17:34:11:0401;Fine;fxml - language;Saved XML element: text - Value: min.+RAM%3a;-;
2022/07/09;17:34:11:0401;Fine;language;Added to language file. Returning original value;-;
2022/07/09;17:34:11:0401;Fine;language;Translation not found, adding. Original:max. RAM:;-;
2022/07/09;17:34:11:0406;Fine;fxml - language;Saved XML element: text - Value: max.+RAM%3a;-;
2022/07/09;17:34:11:0406;Fine;language;Added to language file. Returning original value;-;
2022/07/09;17:34:11:0409;Fine;fxml - config;Requested XML element: alternative_java - Value: C:\Program Files\Java\jdk1.8.0_301\bin\java.exe;-;
2022/07/09;17:34:11:0409;Fine;fxml - config;Requested XML element: utf_8_compatibility - Value: false;-;
2022/07/09;17:34:11:0413;Fine;Server;Starting server (java);server;
2022/07/09;17:34:11:0413;Fine;Server;Executable:C:\Program Files\Java\jdk1.8.0_301\bin\java.exe;Server-StartJavaServer;
2022/07/09;17:34:11:0413;Fine;Server;Jar:D:\Projects\Minecraft Server 1.11.2\craftbukkit-1.11.2.jar;Server-StartJavaServer;
2022/07/09;17:34:11:0413;Fine;Server;Options:-Xms128M -Xmx1024M  -Duser.language=en ;Server-StartJavaServer;
2022/07/09;17:34:11:0413;Fine;Server;Flags:-nojline;Server-StartJavaServer;
2022/07/09;17:34:11:0413;Fine;Server;Total argument:-Xms128M -Xmx1024M -Duser.language=en -jar "D:\Projects\Minecraft Server 1.11.2\craftbukkit-1.11.2.jar" -nojline;Server-StartJavaServer;
2022/07/09;17:34:11:0415;Fine;language;Translation not found, adding. Original:The server is starting...;-;
2022/07/09;17:34:11:0415;Fine;fxml - language;Saved XML element: text - Value: The+server+is+starting...;-;
2022/07/09;17:34:11:0415;Fine;language;Added to language file. Returning original value;-;
2022/07/09;17:34:11:0418;Fine;language;Translation not found, adding. Original:Starting server;-;
2022/07/09;17:34:11:0422;Fine;fxml - language;Saved XML element: text - Value: Starting+server;-;
2022/07/09;17:34:11:0422;Fine;language;Added to language file. Returning original value;-;
2022/07/09;17:34:11:0423;Fine;language;Translation not found, adding. Original:status;-;
2022/07/09;17:34:11:0427;Fine;fxml - language;Saved XML element: text - Value: status;-;
2022/07/09;17:34:11:0428;Fine;language;Added to language file. Returning original value;-;
2022/07/09;17:34:11:0505;Fine;Server;Starting process;-;
2022/07/09;17:34:11:0520;Fine;Server;Process started;-;
2022/07/09;17:34:11:0524;Fine;Server;Initializing handling for new server;-;
2022/07/09;17:34:11:0525;Fine;Server;New server initialized;-;
2022/07/09;17:34:11:0525;Fine;Server;Server started succesfully;-;
2022/07/09;17:34:11:0533;Fine;language;Translation not found, adding. Original:Server started;-;
2022/07/09;17:34:11:0534;Fine;fxml - language;Saved XML element: text - Value: Server+started;-;
2022/07/09;17:34:11:0534;Fine;language;Added to language file. Returning original value;-;
2022/07/09;17:34:11:0539;Fine;language;Translation not found, adding. Original:Server started...;-;
2022/07/09;17:34:11:0543;Fine;fxml - language;Saved XML element: text - Value: Server+started...;-;
2022/07/09;17:34:11:0543;Fine;language;Added to language file. Returning original value;-;
2022/07/09;17:34:11:0546;Fine;ServerSettings;Reading server settings from D:\Projects\Minecraft Server 1.11.2/server.properties;-;
2022/07/09;17:34:11:0548;Fine;language;Translation not found, adding. Original:Server running;-;
2022/07/09;17:34:11:0551;Fine;fxml - language;Saved XML element: text - Value: Server+running;-;
2022/07/09;17:34:11:0552;Fine;language;Added to language file. Returning original value;-;
2022/07/09;17:34:11:0554;Fine;language;Translation not found, adding. Original:Stop;-;
2022/07/09;17:34:11:0560;Fine;fxml - language;Saved XML element: text - Value: Stop;-;
2022/07/09;17:34:11:0560;Fine;language;Added to language file. Returning original value;-;
2022/07/09;17:34:11:0612;Fine;mainform;Error thread started...;-;
2022/07/09;17:34:11:0612;Fine;mainform;Error thread started...;-;
2022/07/09;17:34:11:0612;Fine;mainform;Output thread started...;-;
2022/07/09;17:34:36:0927;Warning;dlb;Could not create dlb_download object, xml invalid. Xml:;-;
2022/07/09;17:34:36:0927;Fine;BukkitTools;Fetched latest recommended bukkit version (0);-;
2022/07/09;17:35:38:0354;Warning;dlb;Could not create dlb_download object, xml invalid. Xml:;-;
2022/07/09;17:35:38:0354;Fine;BukkitTools;Fetched latest beta bukkit version (0);-;
2022/07/09;17:36:39:0790;Warning;dlb;Could not create dlb_download object, xml invalid. Xml:;-;
2022/07/09;17:36:39:0790;Fine;BukkitTools;Fetched latest dev bukkit version (0);-;
2022/07/09;17:37:06:0792;Fine;ServerSettings;Reading server settings from D:\Projects\Minecraft Server 1.11.2/server.properties;-;
2022/07/09;17:37:18:0637;Fine;Mainform;Player joined, event catched by UI. Player:ChrisTJie;-;
2022/07/09;17:37:18:0643;Fine;language;Translation not found, adding. Original:locating...;-;
2022/07/09;17:37:18:0644;Fine;fxml - language;Saved XML element: text - Value: locating...;-;
2022/07/09;17:37:18:0645;Fine;language;Added to language file. Returning original value;-;
2022/07/09;17:37:18:0664;Fine;mainform;Getting additional details for player ChrisTJie(0);-;
2022/07/09;17:37:18:0670;Fine;ServerInteraction;Getting minotar for ChrisTJie;-;
2022/07/09;17:37:19:0805;Fine;ServerInteraction;Minotar Url: http://minotar.net/helm/ChrisTJie/32.png;-;
2022/07/09;17:37:20:0301;Fine;ServerInteraction;Function done... Returning result;-;
2022/07/09;17:37:20:0303;Fine;Mainform;Avatar loaded;-;
2022/07/09;17:37:20:0304;Fine;AdvancedWebClient;Retrieving contents from geoip.bertware.net;-;
2022/07/09;17:37:21:0660;Warning;AdvancedWebClient;Could not download data from http://geoip.bertware.net/127.0.0.1 : WebException/Unknown : The remote name could not be resolved: 'geoip.bertware.net';-;
2022/07/09;17:37:21:0660;Fine;Mainform;Location loaded;-;
2022/07/09;17:37:21:0674;Fine;Mainform;Updating player ChrisTJie  in listviews;-;
2022/07/09;17:37:21:0677;Fine;language;Translation not found, adding. Original:from;-;
2022/07/09;17:37:21:0678;Fine;fxml - language;Saved XML element: text - Value: from;-;
2022/07/09;17:37:21:0678;Fine;language;Added to language file. Returning original value;-;
2022/07/09;17:37:21:0678;Fine;language;Translation not found, adding. Original:at;-;
2022/07/09;17:37:21:0679;Fine;fxml - language;Saved XML element: text - Value: at;-;
2022/07/09;17:37:21:0679;Fine;language;Added to language file. Returning original value;-;
2022/07/09;17:37:21:0681;Fine;Mainform;Player updated;-;
2022/07/09;17:56:07:0865;Fine;mainform;Player disconnected, event catched by UI. Player:ChrisTJie;hnd_PlayerDisconnect();
2022/07/09;17:56:07:0871;Fine;Mainform;Removed player from player list;-;
2022/07/09;17:56:07:0872;Fine;Mainform;Removed player from UI general player list;-;
2022/07/09;17:56:07:0872;Fine;Mainform;Removed player from UI players player list;-;
2022/07/09;17:56:07:0872;Fine;Mainform;Removed player avatar from imagelist;-;
2022/07/09;17:56:07:0872;Fine;Mainform;Finished player removal;-;
2022/07/09;17:56:07:0872;Fine;Mainform;Finished player removal;-;
2022/07/09;17:56:14:0802;Fine;mainform;Stopping server...;stop_server();
2022/07/09;17:56:14:0802;Fine;language;Translation not found, adding. Original:Stopping the server...;-;
2022/07/09;17:56:14:0803;Fine;fxml - language;Saved XML element: text - Value: Stopping+the+server...;-;
2022/07/09;17:56:14:0803;Fine;language;Added to language file. Returning original value;-;
2022/07/09;17:56:14:0809;Fine;language;Translation not found, adding. Original:Stopping server;-;
2022/07/09;17:56:14:0809;Fine;fxml - language;Saved XML element: text - Value: Stopping+server;-;
2022/07/09;17:56:14:0809;Fine;language;Added to language file. Returning original value;-;
2022/07/09;17:56:15:0966;Info;server;The server has stopped... Cleaning up...;-;
2022/07/09;17:56:15:0970;Info;mainform;The server has stopped. Updating UI;-;
2022/07/09;17:56:15:0970;Fine;language;Translation not found, adding. Original:Server stopped;-;
2022/07/09;17:56:15:0971;Fine;fxml - language;Saved XML element: text - Value: Server+stopped;-;
2022/07/09;17:56:15:0971;Fine;language;Added to language file. Returning original value;-;
2022/07/09;17:56:16:0010;Fine;language;Translation not found, adding. Original:The server has stopped...;-;
2022/07/09;17:56:16:0010;Fine;fxml - language;Saved XML element: text - Value: The+server+has+stopped...;-;
2022/07/09;17:56:16:0010;Fine;language;Added to language file. Returning original value;-;
2022/07/09;17:56:16:0015;Info;mainform;The server has stopped. Updated UI;-;
2022/07/09;17:56:16:0015;Info;server;The server has stopped... Cleanup finished;-;
2022/07/09;17:56:16:0016;Info;mainform;thd_read_output exited;-;
2022/07/09;17:56:16:0026;Info;mainform;thd_read_error exited;-;
2022/07/09;17:56:20:0362;Fine;mainform;Closing mainform;-;
